#
# There is insufficient memory for the Java Runtime Environment to continue.
# Native memory allocation (mmap) failed to map 447741952 bytes for G1 virtual space
# Possible reasons:
#   The system is out of physical RAM or swap space
#   The process is running with CompressedOops enabled, and the Java Heap may be blocking the growth of the native heap
# Possible solutions:
#   Reduce memory load on the system
#   Increase physical memory or swap space
#   Check if swap backing store is full
#   Decrease Java heap size (-Xmx/-Xms)
#   Decrease number of Java threads
#   Decrease Java thread stack sizes (-Xss)
#   Set larger code cache with -XX:ReservedCodeCacheSize=
#   JVM is running with Unscaled Compressed Oops mode in which the Java heap is
#     placed in the first 4GB address space. The Java Heap base address is the
#     maximum limit for the native heap growth. Please use -XX:HeapBaseMinAddress
#     to set the Java Heap base and to place the Java Heap above 4GB virtual address.
# This output file may be truncated or incomplete.
#
#  Out of Memory Error (os_windows.cpp:3769), pid=20712, tid=18704
#
# JRE version: OpenJDK Runtime Environment JBR-17.0.6+10-829.9-jcef (17.0.6+10) (build 17.0.6+10-b829.9)
# Java VM: OpenJDK 64-Bit Server VM JBR-17.0.6+10-829.9-jcef (17.0.6+10-b829.9, mixed mode, tiered, compressed oops, compressed class ptrs, g1 gc, windows-amd64)
# No core dump will be written. Minidumps are not enabled by default on client versions of Windows
#

---------------  S U M M A R Y ------------

Command Line: --add-opens=java.base/java.util=ALL-UNNAMED --add-opens=java.base/java.lang=ALL-UNNAMED --add-opens=java.base/java.lang.invoke=ALL-UNNAMED --add-opens=java.base/java.util=ALL-UNNAMED --add-opens=java.prefs/java.util.prefs=ALL-UNNAMED --add-opens=java.prefs/java.util.prefs=ALL-UNNAMED --add-opens=java.base/java.nio.charset=ALL-UNNAMED --add-opens=java.base/java.net=ALL-UNNAMED --add-opens=java.base/java.util.concurrent.atomic=ALL-UNNAMED -Xmx2048m -Dfile.encoding=UTF-8 -Duser.country=RU -Duser.language=ru -Duser.variant org.gradle.launcher.daemon.bootstrap.GradleDaemon 7.5

Host: Intel(R) Core(TM) i5-6600K CPU @ 3.50GHz, 4 cores, 15G,  Windows 10 , 64 bit Build 19041 (10.0.19041.2913)
Time: Tue May 30 19:54:20 2023 RTZ 2 (s 10 , 64 bit Build 19041 (10.0.19041.2913) elapsed time: 1306.560508 seconds (0d 0h 21m 46s)

---------------  T H R E A D  ---------------

Current thread (0x000001e2fa41d670):  VMThread "VM Thread" [stack: 0x000000bea1200000,0x000000bea1300000] [id=18704]

Stack: [0x000000bea1200000,0x000000bea1300000]
Native frames: (J=compiled Java code, j=interpreted, Vv=VM code, C=native code)
V  [jvm.dll+0x683c5a]
V  [jvm.dll+0x842764]
V  [jvm.dll+0x843f5e]
V  [jvm.dll+0x8445c3]
V  [jvm.dll+0x249b75]
V  [jvm.dll+0x680b29]
V  [jvm.dll+0x67501a]
V  [jvm.dll+0x309acb]
V  [jvm.dll+0x310f86]
V  [jvm.dll+0x3608ee]
V  [jvm.dll+0x360b1f]
V  [jvm.dll+0x2dfbf8]
V  [jvm.dll+0x2ddec4]
V  [jvm.dll+0x2dd4cc]
V  [jvm.dll+0x321f3b]
V  [jvm.dll+0x848c8b]
V  [jvm.dll+0x8499c4]
V  [jvm.dll+0x849edd]
V  [jvm.dll+0x84a2b4]
V  [jvm.dll+0x84a380]
V  [jvm.dll+0x7f270a]
V  [jvm.dll+0x682a95]
C  [ucrtbase.dll+0x21bb2]
C  [KERNEL32.DLL+0x17614]
C  [ntdll.dll+0x526a1]

VM_Operation (0x000000bea6afd070): G1CollectForAllocation, mode: safepoint, requested by thread 0x000001e285a2b530


---------------  P R O C E S S  ---------------

Threads class SMR info:
_java_thread_list=0x000001e28203ddd0, length=92, elements={
0x000001e2e032da90, 0x000001e2fa421b30, 0x000001e2fa423140, 0x000001e2fa45b5c0,
0x000001e2fa45c480, 0x000001e2fa480a20, 0x000001e2fa475670, 0x000001e2fa47a0a0,
0x000001e2fa486420, 0x000001e2fa48bcc0, 0x000001e2fa5feaf0, 0x000001e2fa6033e0,
0x000001e2fce2a430, 0x000001e2fbad6950, 0x000001e2fce15370, 0x000001e2fbad3ae0,
0x000001e2fbad52f0, 0x000001e2fbad3fb0, 0x000001e2fbad4950, 0x000001e2fbad2c70,
0x000001e2fbad1e00, 0x000001e2fd93b820, 0x000001e2fd93bcf0, 0x000001e2fd93cb60,
0x000001e2fd93c690, 0x000001e2fd938cd0, 0x000001e280d06560, 0x000001e2fd329870,
0x000001e2823f2440, 0x000001e2823f67a0, 0x000001e2823f1f70, 0x000001e2823f2910,
0x000001e2823f32b0, 0x000001e2823f4f90, 0x000001e2823f8950, 0x000001e2823f7610,
0x000001e2823f7140, 0x000001e2823f8e20, 0x000001e2823f92f0, 0x000001e2823f5460,
0x000001e2823f3780, 0x000001e2818d5350, 0x000001e2823f5930, 0x000001e2823f62d0,
0x000001e2fd93b350, 0x000001e2fd937990, 0x000001e2fd9391a0, 0x000001e2fd937e60,
0x000001e2fd9374c0, 0x000001e2fd938330, 0x000001e2fd939670, 0x000001e2fd93d9d0,
0x000001e2fd93dea0, 0x000001e2fd939b40, 0x000001e2fd93e370, 0x000001e2fd93a010,
0x000001e2fd93a4e0, 0x000001e2fd936ff0, 0x000001e2fd93a9b0, 0x000001e280d073d0,
0x000001e280d0a8c0, 0x000001e280d043b0, 0x000001e280d06a30, 0x000001e280d078a0,
0x000001e280d04880, 0x000001e280d08710, 0x000001e280d05220, 0x000001e280d09f20,
0x000001e280d056f0, 0x000001e280d03070, 0x000001e280d03540, 0x000001e2fd32d700,
0x000001e2fd32c3c0, 0x000001e2fd326380, 0x000001e2fd328060, 0x000001e2fd329d40,
0x000001e2fd328a00, 0x000001e2fd32c890, 0x000001e2fd326850, 0x000001e2fd32a6e0,
0x000001e2fd32abb0, 0x000001e2fd32cd60, 0x000001e2fd32d230, 0x000001e285a2cd40,
0x000001e285a2d210, 0x000001e285a2e550, 0x000001e285a2b060, 0x000001e285a2d6e0,
0x000001e285a2b530, 0x000001e285a2dbb0, 0x000001e285a2ea20, 0x000001e2fbad1930
}

Java Threads: ( => current thread )
  0x000001e2e032da90 JavaThread "main" [_thread_blocked, id=14964, stack(0x000000bea0c00000,0x000000bea0d00000)]
  0x000001e2fa421b30 JavaThread "Reference Handler" daemon [_thread_blocked, id=14492, stack(0x000000bea1300000,0x000000bea1400000)]
  0x000001e2fa423140 JavaThread "Finalizer" daemon [_thread_blocked, id=8928, stack(0x000000bea1400000,0x000000bea1500000)]
  0x000001e2fa45b5c0 JavaThread "Signal Dispatcher" daemon [_thread_blocked, id=15776, stack(0x000000bea1500000,0x000000bea1600000)]
  0x000001e2fa45c480 JavaThread "Attach Listener" daemon [_thread_blocked, id=9684, stack(0x000000bea1600000,0x000000bea1700000)]
  0x000001e2fa480a20 JavaThread "Service Thread" daemon [_thread_blocked, id=19520, stack(0x000000bea1700000,0x000000bea1800000)]
  0x000001e2fa475670 JavaThread "Monitor Deflation Thread" daemon [_thread_blocked, id=7748, stack(0x000000bea1800000,0x000000bea1900000)]
  0x000001e2fa47a0a0 JavaThread "C2 CompilerThread0" daemon [_thread_blocked, id=13992, stack(0x000000bea1900000,0x000000bea1a00000)]
  0x000001e2fa486420 JavaThread "C1 CompilerThread0" daemon [_thread_blocked, id=19436, stack(0x000000bea1a00000,0x000000bea1b00000)]
  0x000001e2fa48bcc0 JavaThread "Sweeper thread" daemon [_thread_blocked, id=15988, stack(0x000000bea1b00000,0x000000bea1c00000)]
  0x000001e2fa5feaf0 JavaThread "Common-Cleaner" daemon [_thread_blocked, id=18252, stack(0x000000bea1c00000,0x000000bea1d00000)]
  0x000001e2fa6033e0 JavaThread "Notification Thread" daemon [_thread_blocked, id=8772, stack(0x000000bea1d00000,0x000000bea1e00000)]
  0x000001e2fce2a430 JavaThread "Daemon health stats" [_thread_blocked, id=19952, stack(0x000000bea2300000,0x000000bea2400000)]
  0x000001e2fbad6950 JavaThread "Incoming local TCP Connector on port 61280" [_thread_in_native, id=19912, stack(0x000000bea2400000,0x000000bea2500000)]
  0x000001e2fce15370 JavaThread "Daemon periodic checks" [_thread_blocked, id=3200, stack(0x000000bea2500000,0x000000bea2600000)]
  0x000001e2fbad3ae0 JavaThread "Cache worker for journal cache (C:\Users\Niktu\.gradle\caches\journal-1)" [_thread_blocked, id=13364, stack(0x000000bea2d00000,0x000000bea2e00000)]
  0x000001e2fbad52f0 JavaThread "File lock request listener" [_thread_in_native, id=1740, stack(0x000000bea2e00000,0x000000bea2f00000)]
  0x000001e2fbad3fb0 JavaThread "Cache worker for file hash cache (C:\Users\Niktu\.gradle\caches\7.5\fileHashes)" [_thread_blocked, id=17288, stack(0x000000bea2f00000,0x000000bea3000000)]
  0x000001e2fbad4950 JavaThread "File watcher server" daemon [_thread_blocked, id=10132, stack(0x000000bea3000000,0x000000bea3100000)]
  0x000001e2fbad2c70 JavaThread "File watcher consumer" daemon [_thread_blocked, id=19892, stack(0x000000bea3100000,0x000000bea3200000)]
  0x000001e2fbad1e00 JavaThread "Cache worker for file content cache (C:\Users\Niktu\.gradle\caches\7.5\fileContent)" [_thread_blocked, id=9528, stack(0x000000bea3400000,0x000000bea3500000)]
  0x000001e2fd93b820 JavaThread "Cache worker for execution history cache (C:\Users\Niktu\.gradle\caches\7.5\executionHistory)" [_thread_blocked, id=9568, stack(0x000000bea3700000,0x000000bea3800000)]
  0x000001e2fd93bcf0 JavaThread "jar transforms" [_thread_blocked, id=17972, stack(0x000000bea3800000,0x000000bea3900000)]
  0x000001e2fd93cb60 JavaThread "jar transforms Thread 2" [_thread_blocked, id=15704, stack(0x000000bea3900000,0x000000bea3a00000)]
  0x000001e2fd93c690 JavaThread "jar transforms Thread 3" [_thread_blocked, id=12992, stack(0x000000bea3a00000,0x000000bea3b00000)]
  0x000001e2fd938cd0 JavaThread "jar transforms Thread 4" [_thread_blocked, id=11008, stack(0x000000bea3b00000,0x000000bea3c00000)]
  0x000001e280d06560 JavaThread "Memory manager" [_thread_blocked, id=19944, stack(0x000000bea6700000,0x000000bea6800000)]
  0x000001e2fd329870 JavaThread "Cache worker for Java compile cache (C:\Users\Niktu\.gradle\caches\7.5\javaCompile)" [_thread_blocked, id=18784, stack(0x000000bea7500000,0x000000bea7600000)]
  0x000001e2823f2440 JavaThread "Daemon Thread 7" [_thread_blocked, id=9480, stack(0x000000bea0900000,0x000000bea0a00000)]
  0x000001e2823f67a0 JavaThread "Handler for socket connection from /127.0.0.1:61280 to /127.0.0.1:63069" [_thread_in_native, id=15524, stack(0x000000bea0a00000,0x000000bea0b00000)]
  0x000001e2823f1f70 JavaThread "Cancel handler" [_thread_blocked, id=240, stack(0x000000bea0b00000,0x000000bea0c00000)]
  0x000001e2823f2910 JavaThread "Daemon worker Thread 5" [_thread_blocked, id=4216, stack(0x000000bea1f00000,0x000000bea2000000)]
  0x000001e2823f32b0 JavaThread "Asynchronous log dispatcher for DefaultDaemonConnection: socket connection from /127.0.0.1:61280 to /127.0.0.1:63069" [_thread_blocked, id=14024, stack(0x000000bea2600000,0x000000bea2700000)]
  0x000001e2823f4f90 JavaThread "Stdin handler" [_thread_blocked, id=4372, stack(0x000000bea2700000,0x000000bea2800000)]
  0x000001e2823f8950 JavaThread "Daemon client event forwarder" [_thread_blocked, id=1612, stack(0x000000bea2800000,0x000000bea2900000)]
  0x000001e2823f7610 JavaThread "Cache worker for checksums cache (C:\Users\Niktu\IntelliJIDEAProjects\TestDbConnect\.gradle\7.5\checksums)" [_thread_blocked, id=2272, stack(0x000000bea2900000,0x000000bea2a00000)]
  0x000001e2823f7140 JavaThread "Cache worker for cache directory md-rule (C:\Users\Niktu\.gradle\caches\7.5\md-rule)" [_thread_blocked, id=19020, stack(0x000000bea2a00000,0x000000bea2b00000)]
  0x000001e2823f8e20 JavaThread "Cache worker for file hash cache (C:\Users\Niktu\IntelliJIDEAProjects\TestDbConnect\.gradle\7.5\fileHashes)" [_thread_blocked, id=19356, stack(0x000000bea2b00000,0x000000bea2c00000)]
  0x000001e2823f92f0 JavaThread "Cache worker for cache directory md-supplier (C:\Users\Niktu\.gradle\caches\7.5\md-supplier)" [_thread_blocked, id=20236, stack(0x000000bea2c00000,0x000000bea2d00000)]
  0x000001e2823f5460 JavaThread "Cache worker for dependencies-accessors (C:\Users\Niktu\IntelliJIDEAProjects\TestDbConnect\.gradle\7.5\dependencies-accessors)" [_thread_blocked, id=21236, stack(0x000000bea3200000,0x000000bea3300000)]
  0x000001e2823f3780 JavaThread "Cache worker for Build Output Cleanup Cache (C:\Users\Niktu\IntelliJIDEAProjects\TestDbConnect\.gradle\buildOutputCleanup)" [_thread_blocked, id=10120, stack(0x000000bea3300000,0x000000bea3400000)]
  0x000001e2818d5350 JavaThread "C2 CompilerThread1" daemon [_thread_in_native, id=7848, stack(0x000000bea3500000,0x000000bea3600000)]
  0x000001e2823f5930 JavaThread "Unconstrained build operations" [_thread_blocked, id=4760, stack(0x000000bea3600000,0x000000bea3700000)]
  0x000001e2823f62d0 JavaThread "Unconstrained build operations Thread 2" [_thread_blocked, id=7132, stack(0x000000bea3c00000,0x000000bea3d00000)]
  0x000001e2fd93b350 JavaThread "Unconstrained build operations Thread 3" [_thread_blocked, id=13556, stack(0x000000bea3d00000,0x000000bea3e00000)]
  0x000001e2fd937990 JavaThread "Unconstrained build operations Thread 4" [_thread_blocked, id=14700, stack(0x000000bea3e00000,0x000000bea3f00000)]
  0x000001e2fd9391a0 JavaThread "Unconstrained build operations Thread 5" [_thread_blocked, id=20588, stack(0x000000bea3f00000,0x000000bea4000000)]
  0x000001e2fd937e60 JavaThread "Unconstrained build operations Thread 6" [_thread_blocked, id=18452, stack(0x000000bea4000000,0x000000bea4100000)]
  0x000001e2fd9374c0 JavaThread "Unconstrained build operations Thread 7" [_thread_blocked, id=15732, stack(0x000000bea4100000,0x000000bea4200000)]
  0x000001e2fd938330 JavaThread "Unconstrained build operations Thread 8" [_thread_blocked, id=3392, stack(0x000000bea4200000,0x000000bea4300000)]
  0x000001e2fd939670 JavaThread "Unconstrained build operations Thread 9" [_thread_blocked, id=1152, stack(0x000000bea4300000,0x000000bea4400000)]
  0x000001e2fd93d9d0 JavaThread "Unconstrained build operations Thread 10" [_thread_blocked, id=20064, stack(0x000000bea4400000,0x000000bea4500000)]
  0x000001e2fd93dea0 JavaThread "Unconstrained build operations Thread 11" [_thread_blocked, id=15348, stack(0x000000bea4500000,0x000000bea4600000)]
  0x000001e2fd939b40 JavaThread "Unconstrained build operations Thread 12" [_thread_blocked, id=10148, stack(0x000000bea4600000,0x000000bea4700000)]
  0x000001e2fd93e370 JavaThread "Unconstrained build operations Thread 13" [_thread_blocked, id=8340, stack(0x000000bea4700000,0x000000bea4800000)]
  0x000001e2fd93a010 JavaThread "Unconstrained build operations Thread 14" [_thread_blocked, id=17440, stack(0x000000bea4800000,0x000000bea4900000)]
  0x000001e2fd93a4e0 JavaThread "Unconstrained build operations Thread 15" [_thread_blocked, id=1136, stack(0x000000bea4900000,0x000000bea4a00000)]
  0x000001e2fd936ff0 JavaThread "Unconstrained build operations Thread 16" [_thread_blocked, id=15724, stack(0x000000bea4a00000,0x000000bea4b00000)]
  0x000001e2fd93a9b0 JavaThread "Unconstrained build operations Thread 17" [_thread_blocked, id=9292, stack(0x000000bea4b00000,0x000000bea4c00000)]
  0x000001e280d073d0 JavaThread "Unconstrained build operations Thread 18" [_thread_blocked, id=9800, stack(0x000000bea4c00000,0x000000bea4d00000)]
  0x000001e280d0a8c0 JavaThread "Unconstrained build operations Thread 19" [_thread_blocked, id=11184, stack(0x000000bea4d00000,0x000000bea4e00000)]
  0x000001e280d043b0 JavaThread "Unconstrained build operations Thread 20" [_thread_blocked, id=11020, stack(0x000000bea4e00000,0x000000bea4f00000)]
  0x000001e280d06a30 JavaThread "Unconstrained build operations Thread 21" [_thread_blocked, id=10692, stack(0x000000bea4f00000,0x000000bea5000000)]
  0x000001e280d078a0 JavaThread "Unconstrained build operations Thread 22" [_thread_blocked, id=8988, stack(0x000000bea5000000,0x000000bea5100000)]
  0x000001e280d04880 JavaThread "Unconstrained build operations Thread 23" [_thread_blocked, id=15052, stack(0x000000bea5100000,0x000000bea5200000)]
  0x000001e280d08710 JavaThread "Unconstrained build operations Thread 24" [_thread_blocked, id=5056, stack(0x000000bea5200000,0x000000bea5300000)]
  0x000001e280d05220 JavaThread "Unconstrained build operations Thread 25" [_thread_blocked, id=8032, stack(0x000000bea5300000,0x000000bea5400000)]
  0x000001e280d09f20 JavaThread "Unconstrained build operations Thread 26" [_thread_blocked, id=1220, stack(0x000000bea5400000,0x000000bea5500000)]
  0x000001e280d056f0 JavaThread "Unconstrained build operations Thread 27" [_thread_blocked, id=8600, stack(0x000000bea5500000,0x000000bea5600000)]
  0x000001e280d03070 JavaThread "Unconstrained build operations Thread 28" [_thread_blocked, id=12924, stack(0x000000bea5600000,0x000000bea5700000)]
  0x000001e280d03540 JavaThread "Unconstrained build operations Thread 29" [_thread_blocked, id=17924, stack(0x000000bea5700000,0x000000bea5800000)]
  0x000001e2fd32d700 JavaThread "Unconstrained build operations Thread 30" [_thread_blocked, id=16128, stack(0x000000bea5800000,0x000000bea5900000)]
  0x000001e2fd32c3c0 JavaThread "Unconstrained build operations Thread 31" [_thread_blocked, id=14264, stack(0x000000bea5900000,0x000000bea5a00000)]
  0x000001e2fd326380 JavaThread "Unconstrained build operations Thread 32" [_thread_blocked, id=11560, stack(0x000000bea5a00000,0x000000bea5b00000)]
  0x000001e2fd328060 JavaThread "Unconstrained build operations Thread 33" [_thread_blocked, id=14932, stack(0x000000bea5b00000,0x000000bea5c00000)]
  0x000001e2fd329d40 JavaThread "Unconstrained build operations Thread 34" [_thread_blocked, id=12568, stack(0x000000bea5c00000,0x000000bea5d00000)]
  0x000001e2fd328a00 JavaThread "Unconstrained build operations Thread 35" [_thread_blocked, id=16892, stack(0x000000bea5d00000,0x000000bea5e00000)]
  0x000001e2fd32c890 JavaThread "Unconstrained build operations Thread 36" [_thread_blocked, id=2716, stack(0x000000bea5e00000,0x000000bea5f00000)]
  0x000001e2fd326850 JavaThread "Unconstrained build operations Thread 37" [_thread_blocked, id=9908, stack(0x000000bea5f00000,0x000000bea6000000)]
  0x000001e2fd32a6e0 JavaThread "Unconstrained build operations Thread 38" [_thread_blocked, id=12020, stack(0x000000bea6000000,0x000000bea6100000)]
  0x000001e2fd32abb0 JavaThread "Unconstrained build operations Thread 39" [_thread_blocked, id=13336, stack(0x000000bea6100000,0x000000bea6200000)]
  0x000001e2fd32cd60 JavaThread "Unconstrained build operations Thread 40" [_thread_blocked, id=17888, stack(0x000000bea6200000,0x000000bea6300000)]
  0x000001e2fd32d230 JavaThread "build event listener" [_thread_blocked, id=19060, stack(0x000000bea6300000,0x000000bea6400000)]
  0x000001e285a2cd40 JavaThread "included builds" [_thread_blocked, id=18736, stack(0x000000bea6400000,0x000000bea6500000)]
  0x000001e285a2d210 JavaThread "Execution worker" [_thread_blocked, id=18124, stack(0x000000bea6500000,0x000000bea6600000)]
  0x000001e285a2e550 JavaThread "Execution worker Thread 2" [_thread_blocked, id=9772, stack(0x000000bea6600000,0x000000bea6700000)]
  0x000001e285a2b060 JavaThread "Execution worker Thread 3" [_thread_blocked, id=17536, stack(0x000000bea6800000,0x000000bea6900000)]
  0x000001e285a2d6e0 JavaThread "Cache worker for execution history cache (C:\Users\Niktu\IntelliJIDEAProjects\TestDbConnect\.gradle\7.5\executionHistory)" [_thread_blocked, id=12236, stack(0x000000bea6900000,0x000000bea6a00000)]
  0x000001e285a2b530 JavaThread "WorkerExecutor Queue" [_thread_blocked, id=17800, stack(0x000000bea6a00000,0x000000bea6b00000)]
  0x000001e285a2dbb0 JavaThread "WorkerExecutor Queue Thread 2" [_thread_blocked, id=3980, stack(0x000000bea6b00000,0x000000bea6c00000)]
  0x000001e285a2ea20 JavaThread "WorkerExecutor Queue Thread 3" [_thread_blocked, id=11896, stack(0x000000bea6c00000,0x000000bea6d00000)]
  0x000001e2fbad1930 JavaThread "WorkerExecutor Queue Thread 4" [_thread_blocked, id=21356, stack(0x000000bea6f00000,0x000000bea7000000)]

Other Threads:
=>0x000001e2fa41d670 VMThread "VM Thread" [stack: 0x000000bea1200000,0x000000bea1300000] [id=18704]
  0x000001e2e03aaff0 WatcherThread [stack: 0x000000bea1e00000,0x000000bea1f00000] [id=19612]
  0x000001e2e0392e00 GCTaskThread "GC Thread#0" [stack: 0x000000bea0d00000,0x000000bea0e00000] [id=16640]
  0x000001e2fac91f00 GCTaskThread "GC Thread#1" [stack: 0x000000bea2000000,0x000000bea2100000] [id=13908]
  0x000001e2fac213c0 GCTaskThread "GC Thread#2" [stack: 0x000000bea2100000,0x000000bea2200000] [id=6140]
  0x000001e2fac21670 GCTaskThread "GC Thread#3" [stack: 0x000000bea2200000,0x000000bea2300000] [id=13148]
  0x000001e2e03a3d40 ConcurrentGCThread "G1 Main Marker" [stack: 0x000000bea0e00000,0x000000bea0f00000] [id=16240]
  0x000001e2e03a4ef0 ConcurrentGCThread "G1 Conc#0" [stack: 0x000000bea0f00000,0x000000bea1000000] [id=11300]
  0x000001e2e03fe8e0 ConcurrentGCThread "G1 Refine#0" [stack: 0x000000bea1000000,0x000000bea1100000] [id=3180]
  0x000001e2fda66370 ConcurrentGCThread "G1 Refine#1" [stack: 0x000000bea6d00000,0x000000bea6e00000] [id=13344]
  0x000001e2fda66ef0 ConcurrentGCThread "G1 Refine#2" [stack: 0x000000bea6e00000,0x000000bea6f00000] [id=14036]
  0x000001e2f9a44b00 ConcurrentGCThread "G1 Service" [stack: 0x000000bea1100000,0x000000bea1200000] [id=16180]

Threads with active compile tasks:
C2 CompilerThread0  1306594 22814       4       com.android.aaptcompiler.StringPool::makeRefImpl (200 bytes)
C2 CompilerThread1  1306594 22673       4       com.android.ide.common.resources.NodeUtils::duplicateNode (315 bytes)

VM state: at safepoint (normal execution)

VM Mutex/Monitor currently owned by a thread:  ([mutex/lock_event])
[0x000001e2e03298b0] Threads_lock - owner thread: 0x000001e2fa41d670
[0x000001e2e0329550] Heap_lock - owner thread: 0x000001e285a2b530

Heap address: 0x0000000080000000, size: 2048 MB, Compressed Oops mode: 32-bit

CDS archive(s) not mapped
Compressed class space mapped at: 0x0000000100000000-0x0000000140000000, reserved size: 1073741824
Narrow klass base: 0x0000000000000000, Narrow klass shift: 3, Narrow klass range: 0x140000000

GC Precious Log:
 CPUs: 4 total, 4 available
 Memory: 16308M
 Large Page Support: Disabled
 NUMA Support: Disabled
 Compressed Oops: Enabled (32-bit)
 Heap Region Size: 1M
 Heap Min Capacity: 8M
 Heap Initial Capacity: 256M
 Heap Max Capacity: 2G
 Pre-touch: Disabled
 Parallel Workers: 4
 Concurrent Workers: 1
 Concurrent Refinement Workers: 4
 Periodic GC: Disabled

Heap:
 garbage-first heap   total 264192K, used 197609K [0x0000000080000000, 0x0000000100000000)
  region size 1024K, 4 young (4096K), 4 survivors (4096K)
 Metaspace       used 129541K, committed 130496K, reserved 1163264K
  class space    used 17209K, committed 17664K, reserved 1048576K

Heap Regions: E=young(eden), S=young(survivor), O=old, HS=humongous(starts), HC=humongous(continues), CS=collection set, F=free, OA=open archive, CA=closed archive, TAMS=top-at-mark-start (previous, next)
|   0|0x0000000080000000, 0x0000000080100000, 0x0000000080100000|100%|HS|  |TAMS 0x0000000080100000, 0x0000000080100000| Complete 
|   1|0x0000000080100000, 0x0000000080200000, 0x0000000080200000|100%|HC|  |TAMS 0x0000000080200000, 0x0000000080200000| Complete 
|   2|0x0000000080200000, 0x0000000080300000, 0x0000000080300000|100%|HC|  |TAMS 0x0000000080300000, 0x0000000080300000| Complete 
|   3|0x0000000080300000, 0x0000000080400000, 0x0000000080400000|100%| O|  |TAMS 0x0000000080400000, 0x0000000080400000| Untracked 
|   4|0x0000000080400000, 0x0000000080500000, 0x0000000080500000|100%| O|  |TAMS 0x0000000080500000, 0x0000000080500000| Untracked 
|   5|0x0000000080500000, 0x0000000080600000, 0x0000000080600000|100%| O|  |TAMS 0x0000000080600000, 0x0000000080600000| Untracked 
|   6|0x0000000080600000, 0x0000000080700000, 0x0000000080700000|100%| O|  |TAMS 0x0000000080700000, 0x0000000080700000| Untracked 
|   7|0x0000000080700000, 0x0000000080800000, 0x0000000080800000|100%| O|  |TAMS 0x0000000080800000, 0x0000000080800000| Untracked 
|   8|0x0000000080800000, 0x0000000080900000, 0x0000000080900000|100%| O|  |TAMS 0x0000000080900000, 0x0000000080900000| Untracked 
|   9|0x0000000080900000, 0x0000000080a00000, 0x0000000080a00000|100%| O|  |TAMS 0x0000000080a00000, 0x0000000080a00000| Untracked 
|  10|0x0000000080a00000, 0x0000000080b00000, 0x0000000080b00000|100%| O|  |TAMS 0x0000000080b00000, 0x0000000080b00000| Untracked 
|  11|0x0000000080b00000, 0x0000000080c00000, 0x0000000080c00000|100%| O|  |TAMS 0x0000000080c00000, 0x0000000080c00000| Untracked 
|  12|0x0000000080c00000, 0x0000000080d00000, 0x0000000080d00000|100%| O|  |TAMS 0x0000000080d00000, 0x0000000080d00000| Untracked 
|  13|0x0000000080d00000, 0x0000000080e00000, 0x0000000080e00000|100%| O|  |TAMS 0x0000000080e00000, 0x0000000080e00000| Untracked 
|  14|0x0000000080e00000, 0x0000000080f00000, 0x0000000080f00000|100%| O|  |TAMS 0x0000000080f00000, 0x0000000080f00000| Untracked 
|  15|0x0000000080f00000, 0x0000000081000000, 0x0000000081000000|100%| O|  |TAMS 0x0000000081000000, 0x0000000081000000| Untracked 
|  16|0x0000000081000000, 0x0000000081100000, 0x0000000081100000|100%| O|  |TAMS 0x0000000081100000, 0x0000000081100000| Untracked 
|  17|0x0000000081100000, 0x0000000081200000, 0x0000000081200000|100%| O|  |TAMS 0x0000000081200000, 0x0000000081200000| Untracked 
|  18|0x0000000081200000, 0x0000000081300000, 0x0000000081300000|100%| O|  |TAMS 0x0000000081300000, 0x0000000081300000| Untracked 
|  19|0x0000000081300000, 0x0000000081400000, 0x0000000081400000|100%| O|  |TAMS 0x0000000081400000, 0x0000000081400000| Untracked 
|  20|0x0000000081400000, 0x0000000081500000, 0x0000000081500000|100%| O|  |TAMS 0x0000000081400000, 0x0000000081500000| Untracked 
|  21|0x0000000081500000, 0x0000000081600000, 0x0000000081600000|100%| O|  |TAMS 0x0000000081600000, 0x0000000081600000| Untracked 
|  22|0x0000000081600000, 0x0000000081700000, 0x0000000081700000|100%| O|  |TAMS 0x0000000081700000, 0x0000000081700000| Untracked 
|  23|0x0000000081700000, 0x0000000081800000, 0x0000000081800000|100%| O|  |TAMS 0x0000000081800000, 0x0000000081800000| Untracked 
|  24|0x0000000081800000, 0x0000000081900000, 0x0000000081900000|100%| O|  |TAMS 0x0000000081900000, 0x0000000081900000| Untracked 
|  25|0x0000000081900000, 0x0000000081a00000, 0x0000000081a00000|100%| O|  |TAMS 0x0000000081a00000, 0x0000000081a00000| Untracked 
|  26|0x0000000081a00000, 0x0000000081b00000, 0x0000000081b00000|100%| O|  |TAMS 0x0000000081b00000, 0x0000000081b00000| Untracked 
|  27|0x0000000081b00000, 0x0000000081c00000, 0x0000000081c00000|100%| O|  |TAMS 0x0000000081c00000, 0x0000000081c00000| Untracked 
|  28|0x0000000081c00000, 0x0000000081d00000, 0x0000000081d00000|100%| O|  |TAMS 0x0000000081d00000, 0x0000000081d00000| Untracked 
|  29|0x0000000081d00000, 0x0000000081e00000, 0x0000000081e00000|100%|HS|  |TAMS 0x0000000081e00000, 0x0000000081e00000| Complete 
|  30|0x0000000081e00000, 0x0000000081f00000, 0x0000000081f00000|100%|HS|  |TAMS 0x0000000081f00000, 0x0000000081f00000| Complete 
|  31|0x0000000081f00000, 0x0000000082000000, 0x0000000082000000|100%| O|  |TAMS 0x0000000082000000, 0x0000000082000000| Untracked 
|  32|0x0000000082000000, 0x0000000082100000, 0x0000000082100000|100%| O|  |TAMS 0x0000000082100000, 0x0000000082100000| Untracked 
|  33|0x0000000082100000, 0x0000000082200000, 0x0000000082200000|100%| O|  |TAMS 0x0000000082200000, 0x0000000082200000| Untracked 
|  34|0x0000000082200000, 0x0000000082300000, 0x0000000082300000|100%| O|  |TAMS 0x0000000082300000, 0x0000000082300000| Untracked 
|  35|0x0000000082300000, 0x0000000082400000, 0x0000000082400000|100%| O|  |TAMS 0x0000000082400000, 0x0000000082400000| Untracked 
|  36|0x0000000082400000, 0x0000000082500000, 0x0000000082500000|100%| O|  |TAMS 0x0000000082500000, 0x0000000082500000| Untracked 
|  37|0x0000000082500000, 0x0000000082600000, 0x0000000082600000|100%| O|  |TAMS 0x0000000082600000, 0x0000000082600000| Untracked 
|  38|0x0000000082600000, 0x0000000082700000, 0x0000000082700000|100%| O|  |TAMS 0x0000000082700000, 0x0000000082700000| Untracked 
|  39|0x0000000082700000, 0x0000000082800000, 0x0000000082800000|100%| O|  |TAMS 0x0000000082800000, 0x0000000082800000| Untracked 
|  40|0x0000000082800000, 0x0000000082900000, 0x0000000082900000|100%| O|  |TAMS 0x0000000082900000, 0x0000000082900000| Untracked 
|  41|0x0000000082900000, 0x0000000082a00000, 0x0000000082a00000|100%| O|  |TAMS 0x0000000082900000, 0x0000000082a00000| Untracked 
|  42|0x0000000082a00000, 0x0000000082b00000, 0x0000000082b00000|100%| O|  |TAMS 0x0000000082b00000, 0x0000000082b00000| Untracked 
|  43|0x0000000082b00000, 0x0000000082c00000, 0x0000000082c00000|100%| O|  |TAMS 0x0000000082c00000, 0x0000000082c00000| Untracked 
|  44|0x0000000082c00000, 0x0000000082d00000, 0x0000000082d00000|100%| O|  |TAMS 0x0000000082d00000, 0x0000000082d00000| Untracked 
|  45|0x0000000082d00000, 0x0000000082e00000, 0x0000000082e00000|100%| O|  |TAMS 0x0000000082e00000, 0x0000000082e00000| Untracked 
|  46|0x0000000082e00000, 0x0000000082f00000, 0x0000000082f00000|100%| O|  |TAMS 0x0000000082f00000, 0x0000000082f00000| Untracked 
|  47|0x0000000082f00000, 0x0000000083000000, 0x0000000083000000|100%| O|  |TAMS 0x0000000083000000, 0x0000000083000000| Untracked 
|  48|0x0000000083000000, 0x0000000083100000, 0x0000000083100000|100%| O|  |TAMS 0x0000000083100000, 0x0000000083100000| Untracked 
|  49|0x0000000083100000, 0x0000000083200000, 0x0000000083200000|100%| O|  |TAMS 0x0000000083200000, 0x0000000083200000| Untracked 
|  50|0x0000000083200000, 0x0000000083300000, 0x0000000083300000|100%| O|  |TAMS 0x0000000083300000, 0x0000000083300000| Untracked 
|  51|0x0000000083300000, 0x0000000083400000, 0x0000000083400000|100%| O|  |TAMS 0x0000000083400000, 0x0000000083400000| Untracked 
|  52|0x0000000083400000, 0x0000000083500000, 0x0000000083500000|100%| O|  |TAMS 0x0000000083500000, 0x0000000083500000| Untracked 
|  53|0x0000000083500000, 0x0000000083600000, 0x0000000083600000|100%| O|  |TAMS 0x0000000083600000, 0x0000000083600000| Untracked 
|  54|0x0000000083600000, 0x0000000083700000, 0x0000000083700000|100%| O|  |TAMS 0x0000000083700000, 0x0000000083700000| Untracked 
|  55|0x0000000083700000, 0x0000000083800000, 0x0000000083800000|100%| O|  |TAMS 0x0000000083800000, 0x0000000083800000| Untracked 
|  56|0x0000000083800000, 0x0000000083900000, 0x0000000083900000|100%| O|  |TAMS 0x0000000083900000, 0x0000000083900000| Untracked 
|  57|0x0000000083900000, 0x0000000083a00000, 0x0000000083a00000|100%| O|  |TAMS 0x0000000083a00000, 0x0000000083a00000| Untracked 
|  58|0x0000000083a00000, 0x0000000083b00000, 0x0000000083b00000|100%| O|  |TAMS 0x0000000083b00000, 0x0000000083b00000| Untracked 
|  59|0x0000000083b00000, 0x0000000083c00000, 0x0000000083c00000|100%| O|  |TAMS 0x0000000083c00000, 0x0000000083c00000| Untracked 
|  60|0x0000000083c00000, 0x0000000083d00000, 0x0000000083d00000|100%| O|  |TAMS 0x0000000083d00000, 0x0000000083d00000| Untracked 
|  61|0x0000000083d00000, 0x0000000083e00000, 0x0000000083e00000|100%| O|  |TAMS 0x0000000083e00000, 0x0000000083e00000| Untracked 
|  62|0x0000000083e00000, 0x0000000083f00000, 0x0000000083f00000|100%| O|  |TAMS 0x0000000083f00000, 0x0000000083f00000| Untracked 
|  63|0x0000000083f00000, 0x0000000084000000, 0x0000000084000000|100%| O|  |TAMS 0x0000000084000000, 0x0000000084000000| Untracked 
|  64|0x0000000084000000, 0x0000000084100000, 0x0000000084100000|100%| O|  |TAMS 0x0000000084100000, 0x0000000084100000| Untracked 
|  65|0x0000000084100000, 0x0000000084200000, 0x0000000084200000|100%| O|  |TAMS 0x0000000084200000, 0x0000000084200000| Untracked 
|  66|0x0000000084200000, 0x0000000084300000, 0x0000000084300000|100%| O|  |TAMS 0x0000000084300000, 0x0000000084300000| Untracked 
|  67|0x0000000084300000, 0x0000000084400000, 0x0000000084400000|100%| O|  |TAMS 0x0000000084400000, 0x0000000084400000| Untracked 
|  68|0x0000000084400000, 0x0000000084500000, 0x0000000084500000|100%| O|  |TAMS 0x0000000084500000, 0x0000000084500000| Untracked 
|  69|0x0000000084500000, 0x0000000084600000, 0x0000000084600000|100%| O|  |TAMS 0x0000000084600000, 0x0000000084600000| Untracked 
|  70|0x0000000084600000, 0x0000000084700000, 0x0000000084700000|100%| O|  |TAMS 0x0000000084700000, 0x0000000084700000| Untracked 
|  71|0x0000000084700000, 0x0000000084800000, 0x0000000084800000|100%| O|  |TAMS 0x0000000084800000, 0x0000000084800000| Untracked 
|  72|0x0000000084800000, 0x0000000084900000, 0x0000000084900000|100%| O|  |TAMS 0x0000000084900000, 0x0000000084900000| Untracked 
|  73|0x0000000084900000, 0x0000000084a00000, 0x0000000084a00000|100%| O|  |TAMS 0x0000000084a00000, 0x0000000084a00000| Untracked 
|  74|0x0000000084a00000, 0x0000000084b00000, 0x0000000084b00000|100%| O|  |TAMS 0x0000000084b00000, 0x0000000084b00000| Untracked 
|  75|0x0000000084b00000, 0x0000000084c00000, 0x0000000084c00000|100%| O|  |TAMS 0x0000000084c00000, 0x0000000084c00000| Untracked 
|  76|0x0000000084c00000, 0x0000000084d00000, 0x0000000084d00000|100%| O|  |TAMS 0x0000000084d00000, 0x0000000084d00000| Untracked 
|  77|0x0000000084d00000, 0x0000000084e00000, 0x0000000084e00000|100%| O|  |TAMS 0x0000000084d00000, 0x0000000084e00000| Untracked 
|  78|0x0000000084e00000, 0x0000000084f00000, 0x0000000084f00000|100%| O|  |TAMS 0x0000000084e00000, 0x0000000084f00000| Untracked 
|  79|0x0000000084f00000, 0x0000000085000000, 0x0000000085000000|100%| O|  |TAMS 0x0000000085000000, 0x0000000085000000| Untracked 
|  80|0x0000000085000000, 0x0000000085100000, 0x0000000085100000|100%| O|  |TAMS 0x0000000085100000, 0x0000000085100000| Untracked 
|  81|0x0000000085100000, 0x0000000085200000, 0x0000000085200000|100%| O|  |TAMS 0x0000000085100000, 0x0000000085200000| Untracked 
|  82|0x0000000085200000, 0x0000000085300000, 0x0000000085300000|100%| O|  |TAMS 0x0000000085300000, 0x0000000085300000| Untracked 
|  83|0x0000000085300000, 0x0000000085400000, 0x0000000085400000|100%| O|  |TAMS 0x0000000085400000, 0x0000000085400000| Untracked 
|  84|0x0000000085400000, 0x0000000085500000, 0x0000000085500000|100%| O|  |TAMS 0x0000000085400000, 0x0000000085500000| Untracked 
|  85|0x0000000085500000, 0x0000000085600000, 0x0000000085600000|100%|HS|  |TAMS 0x0000000085500000, 0x0000000085600000| Complete 
|  86|0x0000000085600000, 0x0000000085700000, 0x0000000085700000|100%|HC|  |TAMS 0x0000000085600000, 0x0000000085700000| Complete 
|  87|0x0000000085700000, 0x0000000085800000, 0x0000000085800000|100%| O|  |TAMS 0x0000000085700000, 0x0000000085800000| Untracked 
|  88|0x0000000085800000, 0x0000000085900000, 0x0000000085900000|100%| O|  |TAMS 0x0000000085800000, 0x0000000085900000| Untracked 
|  89|0x0000000085900000, 0x0000000085a00000, 0x0000000085a00000|100%| O|  |TAMS 0x0000000085900000, 0x0000000085a00000| Untracked 
|  90|0x0000000085a00000, 0x0000000085b00000, 0x0000000085b00000|100%| O|  |TAMS 0x0000000085a00000, 0x0000000085b00000| Untracked 
|  91|0x0000000085b00000, 0x0000000085c00000, 0x0000000085c00000|100%| O|  |TAMS 0x0000000085b00000, 0x0000000085c00000| Untracked 
|  92|0x0000000085c00000, 0x0000000085d00000, 0x0000000085d00000|100%| O|  |TAMS 0x0000000085c00000, 0x0000000085d00000| Untracked 
|  93|0x0000000085d00000, 0x0000000085e00000, 0x0000000085e00000|100%| O|  |TAMS 0x0000000085d00000, 0x0000000085e00000| Untracked 
|  94|0x0000000085e00000, 0x0000000085f00000, 0x0000000085f00000|100%| O|  |TAMS 0x0000000085f00000, 0x0000000085f00000| Untracked 
|  95|0x0000000085f00000, 0x0000000086000000, 0x0000000086000000|100%| O|  |TAMS 0x0000000085f00000, 0x0000000086000000| Untracked 
|  96|0x0000000086000000, 0x0000000086100000, 0x0000000086100000|100%| O|  |TAMS 0x0000000086000000, 0x0000000086100000| Untracked 
|  97|0x0000000086100000, 0x0000000086200000, 0x0000000086200000|100%| O|  |TAMS 0x0000000086100000, 0x0000000086200000| Untracked 
|  98|0x0000000086200000, 0x0000000086300000, 0x0000000086300000|100%| O|  |TAMS 0x0000000086200000, 0x0000000086300000| Untracked 
|  99|0x0000000086300000, 0x0000000086400000, 0x0000000086400000|100%| O|  |TAMS 0x0000000086300000, 0x0000000086400000| Untracked 
| 100|0x0000000086400000, 0x0000000086500000, 0x0000000086500000|100%| O|  |TAMS 0x0000000086500000, 0x0000000086500000| Untracked 
| 101|0x0000000086500000, 0x0000000086600000, 0x0000000086600000|100%| O|  |TAMS 0x0000000086600000, 0x0000000086600000| Untracked 
| 102|0x0000000086600000, 0x0000000086700000, 0x0000000086700000|100%| O|  |TAMS 0x0000000086700000, 0x0000000086700000| Untracked 
| 103|0x0000000086700000, 0x0000000086800000, 0x0000000086800000|100%| O|  |TAMS 0x0000000086800000, 0x0000000086800000| Untracked 
| 104|0x0000000086800000, 0x0000000086900000, 0x0000000086900000|100%| O|  |TAMS 0x0000000086900000, 0x0000000086900000| Untracked 
| 105|0x0000000086900000, 0x0000000086a00000, 0x0000000086a00000|100%| O|  |TAMS 0x0000000086a00000, 0x0000000086a00000| Untracked 
| 106|0x0000000086a00000, 0x0000000086b00000, 0x0000000086b00000|100%| O|  |TAMS 0x0000000086aeee08, 0x0000000086b00000| Untracked 
| 107|0x0000000086b00000, 0x0000000086c00000, 0x0000000086c00000|100%| O|  |TAMS 0x0000000086b00000, 0x0000000086c00000| Untracked 
| 108|0x0000000086c00000, 0x0000000086d00000, 0x0000000086d00000|100%| O|  |TAMS 0x0000000086c00000, 0x0000000086d00000| Untracked 
| 109|0x0000000086d00000, 0x0000000086e00000, 0x0000000086e00000|100%| O|  |TAMS 0x0000000086d00000, 0x0000000086e00000| Untracked 
| 110|0x0000000086e00000, 0x0000000086f00000, 0x0000000086f00000|100%| O|  |TAMS 0x0000000086e00000, 0x0000000086f00000| Untracked 
| 111|0x0000000086f00000, 0x0000000087000000, 0x0000000087000000|100%| O|  |TAMS 0x0000000086f00000, 0x0000000087000000| Untracked 
| 112|0x0000000087000000, 0x0000000087100000, 0x0000000087100000|100%| O|  |TAMS 0x0000000087000000, 0x0000000087100000| Untracked 
| 113|0x0000000087100000, 0x0000000087200000, 0x0000000087200000|100%| O|  |TAMS 0x0000000087100000, 0x0000000087200000| Untracked 
| 114|0x0000000087200000, 0x0000000087300000, 0x0000000087300000|100%| O|  |TAMS 0x0000000087200000, 0x0000000087300000| Untracked 
| 115|0x0000000087300000, 0x0000000087400000, 0x0000000087400000|100%| O|  |TAMS 0x0000000087300000, 0x0000000087400000| Untracked 
| 116|0x0000000087400000, 0x0000000087500000, 0x0000000087500000|100%| O|  |TAMS 0x0000000087400000, 0x0000000087500000| Untracked 
| 117|0x0000000087500000, 0x0000000087600000, 0x0000000087600000|100%| O|  |TAMS 0x0000000087500000, 0x0000000087600000| Untracked 
| 118|0x0000000087600000, 0x0000000087700000, 0x0000000087700000|100%| O|  |TAMS 0x0000000087600000, 0x0000000087700000| Untracked 
| 119|0x0000000087700000, 0x0000000087800000, 0x0000000087800000|100%| O|  |TAMS 0x0000000087700000, 0x0000000087800000| Untracked 
| 120|0x0000000087800000, 0x0000000087900000, 0x0000000087900000|100%| O|  |TAMS 0x0000000087800000, 0x0000000087900000| Untracked 
| 121|0x0000000087900000, 0x0000000087a00000, 0x0000000087a00000|100%| O|  |TAMS 0x0000000087900000, 0x0000000087a00000| Untracked 
| 122|0x0000000087a00000, 0x0000000087b00000, 0x0000000087b00000|100%| O|  |TAMS 0x0000000087a00000, 0x0000000087b00000| Untracked 
| 123|0x0000000087b00000, 0x0000000087c00000, 0x0000000087c00000|100%| O|  |TAMS 0x0000000087b00000, 0x0000000087c00000| Untracked 
| 124|0x0000000087c00000, 0x0000000087d00000, 0x0000000087d00000|100%| O|  |TAMS 0x0000000087c00000, 0x0000000087d00000| Untracked 
| 125|0x0000000087d00000, 0x0000000087e00000, 0x0000000087e00000|100%| O|  |TAMS 0x0000000087d00000, 0x0000000087e00000| Untracked 
| 126|0x0000000087e00000, 0x0000000087f00000, 0x0000000087f00000|100%| O|  |TAMS 0x0000000087e00000, 0x0000000087f00000| Untracked 
| 127|0x0000000087f00000, 0x0000000088000000, 0x0000000088000000|100%| O|  |TAMS 0x0000000087f00000, 0x0000000088000000| Untracked 
| 128|0x0000000088000000, 0x0000000088100000, 0x0000000088100000|100%| O|  |TAMS 0x0000000088000000, 0x0000000088100000| Untracked 
| 129|0x0000000088100000, 0x0000000088200000, 0x0000000088200000|100%| O|  |TAMS 0x0000000088100000, 0x0000000088200000| Untracked 
| 130|0x0000000088200000, 0x0000000088300000, 0x0000000088300000|100%| O|  |TAMS 0x0000000088200000, 0x0000000088300000| Untracked 
| 131|0x0000000088300000, 0x0000000088400000, 0x0000000088400000|100%|HS|  |TAMS 0x0000000088300000, 0x0000000088400000| Complete 
| 132|0x0000000088400000, 0x0000000088500000, 0x0000000088500000|100%|HC|  |TAMS 0x0000000088400000, 0x0000000088500000| Complete 
| 133|0x0000000088500000, 0x0000000088600000, 0x0000000088600000|100%| O|  |TAMS 0x0000000088500000, 0x0000000088600000| Untracked 
| 134|0x0000000088600000, 0x0000000088700000, 0x0000000088700000|100%| O|  |TAMS 0x0000000088600000, 0x0000000088700000| Untracked 
| 135|0x0000000088700000, 0x0000000088800000, 0x0000000088800000|100%| O|  |TAMS 0x0000000088700000, 0x0000000088800000| Untracked 
| 136|0x0000000088800000, 0x0000000088900000, 0x0000000088900000|100%| O|  |TAMS 0x0000000088800000, 0x0000000088900000| Untracked 
| 137|0x0000000088900000, 0x0000000088a00000, 0x0000000088a00000|100%| O|  |TAMS 0x0000000088900000, 0x0000000088a00000| Untracked 
| 138|0x0000000088a00000, 0x0000000088b00000, 0x0000000088b00000|100%| O|  |TAMS 0x0000000088a00000, 0x0000000088b00000| Untracked 
| 139|0x0000000088b00000, 0x0000000088c00000, 0x0000000088c00000|100%| O|  |TAMS 0x0000000088b00000, 0x0000000088c00000| Untracked 
| 140|0x0000000088c00000, 0x0000000088d00000, 0x0000000088d00000|100%| O|  |TAMS 0x0000000088c00000, 0x0000000088d00000| Untracked 
| 141|0x0000000088d00000, 0x0000000088e00000, 0x0000000088e00000|100%| O|  |TAMS 0x0000000088d00000, 0x0000000088e00000| Untracked 
| 142|0x0000000088e00000, 0x0000000088f00000, 0x0000000088f00000|100%| O|  |TAMS 0x0000000088e00000, 0x0000000088f00000| Untracked 
| 143|0x0000000088f00000, 0x0000000089000000, 0x0000000089000000|100%| O|  |TAMS 0x0000000088f00000, 0x0000000089000000| Untracked 
| 144|0x0000000089000000, 0x0000000089100000, 0x0000000089100000|100%| O|  |TAMS 0x0000000089000000, 0x0000000089100000| Untracked 
| 145|0x0000000089100000, 0x0000000089200000, 0x0000000089200000|100%| O|  |TAMS 0x0000000089100000, 0x0000000089200000| Untracked 
| 146|0x0000000089200000, 0x0000000089300000, 0x0000000089300000|100%| O|  |TAMS 0x0000000089200000, 0x0000000089300000| Untracked 
| 147|0x0000000089300000, 0x0000000089400000, 0x0000000089400000|100%| O|  |TAMS 0x0000000089300000, 0x0000000089400000| Untracked 
| 148|0x0000000089400000, 0x0000000089500000, 0x0000000089500000|100%| O|  |TAMS 0x0000000089400000, 0x0000000089500000| Untracked 
| 149|0x0000000089500000, 0x0000000089600000, 0x0000000089600000|100%| O|  |TAMS 0x0000000089500000, 0x0000000089600000| Untracked 
| 150|0x0000000089600000, 0x0000000089700000, 0x0000000089700000|100%| O|  |TAMS 0x0000000089600000, 0x0000000089700000| Untracked 
| 151|0x0000000089700000, 0x0000000089800000, 0x0000000089800000|100%| O|  |TAMS 0x0000000089700000, 0x0000000089800000| Untracked 
| 152|0x0000000089800000, 0x0000000089900000, 0x0000000089900000|100%| O|  |TAMS 0x0000000089800000, 0x0000000089900000| Untracked 
| 153|0x0000000089900000, 0x0000000089a00000, 0x0000000089a00000|100%| O|  |TAMS 0x0000000089900000, 0x0000000089a00000| Untracked 
| 154|0x0000000089a00000, 0x0000000089b00000, 0x0000000089b00000|100%| O|  |TAMS 0x0000000089a00000, 0x0000000089b00000| Untracked 
| 155|0x0000000089b00000, 0x0000000089c00000, 0x0000000089c00000|100%| O|  |TAMS 0x0000000089b00000, 0x0000000089c00000| Untracked 
| 156|0x0000000089c00000, 0x0000000089d00000, 0x0000000089d00000|100%| O|  |TAMS 0x0000000089c00000, 0x0000000089d00000| Untracked 
| 157|0x0000000089d00000, 0x0000000089e00000, 0x0000000089e00000|100%| O|  |TAMS 0x0000000089d00000, 0x0000000089e00000| Untracked 
| 158|0x0000000089e00000, 0x0000000089f00000, 0x0000000089f00000|100%| O|  |TAMS 0x0000000089e00000, 0x0000000089f00000| Untracked 
| 159|0x0000000089f00000, 0x000000008a000000, 0x000000008a000000|100%| O|  |TAMS 0x0000000089f00000, 0x000000008a000000| Untracked 
| 160|0x000000008a000000, 0x000000008a100000, 0x000000008a100000|100%| O|  |TAMS 0x000000008a000000, 0x000000008a100000| Untracked 
| 161|0x000000008a100000, 0x000000008a200000, 0x000000008a200000|100%| O|  |TAMS 0x000000008a100000, 0x000000008a200000| Untracked 
| 162|0x000000008a200000, 0x000000008a300000, 0x000000008a300000|100%| O|  |TAMS 0x000000008a200000, 0x000000008a300000| Untracked 
| 163|0x000000008a300000, 0x000000008a400000, 0x000000008a400000|100%| O|  |TAMS 0x000000008a300000, 0x000000008a400000| Untracked 
| 164|0x000000008a400000, 0x000000008a500000, 0x000000008a500000|100%| O|  |TAMS 0x000000008a400000, 0x000000008a500000| Untracked 
| 165|0x000000008a500000, 0x000000008a600000, 0x000000008a600000|100%| O|  |TAMS 0x000000008a500000, 0x000000008a600000| Untracked 
| 166|0x000000008a600000, 0x000000008a700000, 0x000000008a700000|100%| O|  |TAMS 0x000000008a600000, 0x000000008a700000| Untracked 
| 167|0x000000008a700000, 0x000000008a800000, 0x000000008a800000|100%| O|  |TAMS 0x000000008a700000, 0x000000008a800000| Untracked 
| 168|0x000000008a800000, 0x000000008a900000, 0x000000008a900000|100%| O|  |TAMS 0x000000008a800000, 0x000000008a900000| Untracked 
| 169|0x000000008a900000, 0x000000008aa00000, 0x000000008aa00000|100%| O|  |TAMS 0x000000008a900000, 0x000000008aa00000| Untracked 
| 170|0x000000008aa00000, 0x000000008ab00000, 0x000000008ab00000|100%| O|  |TAMS 0x000000008aa00000, 0x000000008ab00000| Untracked 
| 171|0x000000008ab00000, 0x000000008ac00000, 0x000000008ac00000|100%|HS|  |TAMS 0x000000008ab00000, 0x000000008ac00000| Complete 
| 172|0x000000008ac00000, 0x000000008ad00000, 0x000000008ad00000|100%|HC|  |TAMS 0x000000008ac00000, 0x000000008ad00000| Complete 
| 173|0x000000008ad00000, 0x000000008ae00000, 0x000000008ae00000|100%| O|  |TAMS 0x000000008ad00000, 0x000000008ae00000| Untracked 
| 174|0x000000008ae00000, 0x000000008af00000, 0x000000008af00000|100%| O|  |TAMS 0x000000008ae00000, 0x000000008af00000| Untracked 
| 175|0x000000008af00000, 0x000000008b000000, 0x000000008b000000|100%| O|  |TAMS 0x000000008af00000, 0x000000008b000000| Untracked 
| 176|0x000000008b000000, 0x000000008b100000, 0x000000008b100000|100%| O|  |TAMS 0x000000008b000000, 0x000000008b100000| Untracked 
| 177|0x000000008b100000, 0x000000008b200000, 0x000000008b200000|100%| O|  |TAMS 0x000000008b100000, 0x000000008b200000| Untracked 
| 178|0x000000008b200000, 0x000000008b300000, 0x000000008b300000|100%| O|  |TAMS 0x000000008b200000, 0x000000008b300000| Untracked 
| 179|0x000000008b300000, 0x000000008b400000, 0x000000008b400000|100%| O|  |TAMS 0x000000008b300000, 0x000000008b300000| Untracked 
| 180|0x000000008b400000, 0x000000008b500000, 0x000000008b500000|100%| O|  |TAMS 0x000000008b400000, 0x000000008b400000| Untracked 
| 181|0x000000008b500000, 0x000000008b600000, 0x000000008b600000|100%| O|  |TAMS 0x000000008b500000, 0x000000008b500000| Untracked 
| 182|0x000000008b600000, 0x000000008b6fa400, 0x000000008b700000| 97%| O|  |TAMS 0x000000008b600000, 0x000000008b600000| Untracked 
| 183|0x000000008b700000, 0x000000008b800000, 0x000000008b800000|100%| O|  |TAMS 0x000000008b700000, 0x000000008b7c7000| Untracked 
| 184|0x000000008b800000, 0x000000008b800000, 0x000000008b900000|  0%| F|  |TAMS 0x000000008b800000, 0x000000008b800000| Untracked 
| 185|0x000000008b900000, 0x000000008ba00000, 0x000000008ba00000|100%| O|  |TAMS 0x000000008b900000, 0x000000008ba00000| Untracked 
| 186|0x000000008ba00000, 0x000000008bb00000, 0x000000008bb00000|100%| O|  |TAMS 0x000000008ba00000, 0x000000008bb00000| Untracked 
| 187|0x000000008bb00000, 0x000000008bc00000, 0x000000008bc00000|100%|HS|  |TAMS 0x000000008bb00000, 0x000000008bc00000| Complete 
| 188|0x000000008bc00000, 0x000000008bd00000, 0x000000008bd00000|100%|HC|  |TAMS 0x000000008bc00000, 0x000000008bd00000| Complete 
| 189|0x000000008bd00000, 0x000000008be00000, 0x000000008be00000|100%|HC|  |TAMS 0x000000008bd00000, 0x000000008be00000| Complete 
| 190|0x000000008be00000, 0x000000008be00000, 0x000000008bf00000|  0%| F|  |TAMS 0x000000008be00000, 0x000000008be00000| Untracked 
| 191|0x000000008bf00000, 0x000000008bf00000, 0x000000008c000000|  0%| F|  |TAMS 0x000000008bf00000, 0x000000008bf00000| Untracked 
| 192|0x000000008c000000, 0x000000008c000000, 0x000000008c100000|  0%| F|  |TAMS 0x000000008c000000, 0x000000008c000000| Untracked 
| 193|0x000000008c100000, 0x000000008c100000, 0x000000008c200000|  0%| F|  |TAMS 0x000000008c100000, 0x000000008c100000| Untracked 
| 194|0x000000008c200000, 0x000000008c200000, 0x000000008c300000|  0%| F|  |TAMS 0x000000008c200000, 0x000000008c200000| Untracked 
| 195|0x000000008c300000, 0x000000008c300000, 0x000000008c400000|  0%| F|  |TAMS 0x000000008c300000, 0x000000008c300000| Untracked 
| 196|0x000000008c400000, 0x000000008c400000, 0x000000008c500000|  0%| F|  |TAMS 0x000000008c400000, 0x000000008c400000| Untracked 
| 197|0x000000008c500000, 0x000000008c500000, 0x000000008c600000|  0%| F|  |TAMS 0x000000008c500000, 0x000000008c500000| Untracked 
| 198|0x000000008c600000, 0x000000008c600000, 0x000000008c700000|  0%| F|  |TAMS 0x000000008c600000, 0x000000008c600000| Untracked 
| 199|0x000000008c700000, 0x000000008c700000, 0x000000008c800000|  0%| F|  |TAMS 0x000000008c700000, 0x000000008c700000| Untracked 
| 200|0x000000008c800000, 0x000000008c800000, 0x000000008c900000|  0%| F|  |TAMS 0x000000008c800000, 0x000000008c800000| Untracked 
| 201|0x000000008c900000, 0x000000008c900000, 0x000000008ca00000|  0%| F|  |TAMS 0x000000008c900000, 0x000000008c900000| Untracked 
| 202|0x000000008ca00000, 0x000000008ca00000, 0x000000008cb00000|  0%| F|  |TAMS 0x000000008ca00000, 0x000000008ca00000| Untracked 
| 203|0x000000008cb00000, 0x000000008cb00000, 0x000000008cc00000|  0%| F|  |TAMS 0x000000008cb00000, 0x000000008cb00000| Untracked 
| 204|0x000000008cc00000, 0x000000008cc00000, 0x000000008cd00000|  0%| F|  |TAMS 0x000000008cc00000, 0x000000008cc00000| Untracked 
| 205|0x000000008cd00000, 0x000000008cd00000, 0x000000008ce00000|  0%| F|  |TAMS 0x000000008cd00000, 0x000000008cd00000| Untracked 
| 206|0x000000008ce00000, 0x000000008ce00000, 0x000000008cf00000|  0%| F|  |TAMS 0x000000008ce00000, 0x000000008ce00000| Untracked 
| 207|0x000000008cf00000, 0x000000008cf00000, 0x000000008d000000|  0%| F|  |TAMS 0x000000008cf00000, 0x000000008cf00000| Untracked 
| 208|0x000000008d000000, 0x000000008d000000, 0x000000008d100000|  0%| F|  |TAMS 0x000000008d000000, 0x000000008d000000| Untracked 
| 209|0x000000008d100000, 0x000000008d100000, 0x000000008d200000|  0%| F|  |TAMS 0x000000008d100000, 0x000000008d100000| Untracked 
| 210|0x000000008d200000, 0x000000008d200000, 0x000000008d300000|  0%| F|  |TAMS 0x000000008d200000, 0x000000008d200000| Untracked 
| 211|0x000000008d300000, 0x000000008d300000, 0x000000008d400000|  0%| F|  |TAMS 0x000000008d300000, 0x000000008d300000| Untracked 
| 212|0x000000008d400000, 0x000000008d400000, 0x000000008d500000|  0%| F|  |TAMS 0x000000008d400000, 0x000000008d400000| Untracked 
| 213|0x000000008d500000, 0x000000008d500000, 0x000000008d600000|  0%| F|  |TAMS 0x000000008d500000, 0x000000008d500000| Untracked 
| 214|0x000000008d600000, 0x000000008d600000, 0x000000008d700000|  0%| F|  |TAMS 0x000000008d600000, 0x000000008d600000| Untracked 
| 215|0x000000008d700000, 0x000000008d700000, 0x000000008d800000|  0%| F|  |TAMS 0x000000008d700000, 0x000000008d700000| Untracked 
| 216|0x000000008d800000, 0x000000008d800000, 0x000000008d900000|  0%| F|  |TAMS 0x000000008d800000, 0x000000008d800000| Untracked 
| 217|0x000000008d900000, 0x000000008d900000, 0x000000008da00000|  0%| F|  |TAMS 0x000000008d900000, 0x000000008d900000| Untracked 
| 218|0x000000008da00000, 0x000000008da00000, 0x000000008db00000|  0%| F|  |TAMS 0x000000008da00000, 0x000000008da00000| Untracked 
| 219|0x000000008db00000, 0x000000008db00000, 0x000000008dc00000|  0%| F|  |TAMS 0x000000008db00000, 0x000000008db00000| Untracked 
| 220|0x000000008dc00000, 0x000000008dc00000, 0x000000008dd00000|  0%| F|  |TAMS 0x000000008dc00000, 0x000000008dc00000| Untracked 
| 221|0x000000008dd00000, 0x000000008dd00000, 0x000000008de00000|  0%| F|  |TAMS 0x000000008dd00000, 0x000000008dd00000| Untracked 
| 222|0x000000008de00000, 0x000000008de00000, 0x000000008df00000|  0%| F|  |TAMS 0x000000008de00000, 0x000000008de00000| Untracked 
| 223|0x000000008df00000, 0x000000008df00000, 0x000000008e000000|  0%| F|  |TAMS 0x000000008df00000, 0x000000008df00000| Untracked 
| 224|0x000000008e000000, 0x000000008e000000, 0x000000008e100000|  0%| F|  |TAMS 0x000000008e000000, 0x000000008e000000| Untracked 
| 225|0x000000008e100000, 0x000000008e100000, 0x000000008e200000|  0%| F|  |TAMS 0x000000008e100000, 0x000000008e100000| Untracked 
| 226|0x000000008e200000, 0x000000008e300000, 0x000000008e300000|100%| S|CS|TAMS 0x000000008e200000, 0x000000008e200000| Complete 
| 227|0x000000008e300000, 0x000000008e400000, 0x000000008e400000|100%| S|CS|TAMS 0x000000008e300000, 0x000000008e300000| Complete 
| 228|0x000000008e400000, 0x000000008e500000, 0x000000008e500000|100%| S|CS|TAMS 0x000000008e400000, 0x000000008e400000| Complete 
| 229|0x000000008e500000, 0x000000008e500000, 0x000000008e600000|  0%| F|  |TAMS 0x000000008e500000, 0x000000008e500000| Untracked 
| 230|0x000000008e600000, 0x000000008e600000, 0x000000008e700000|  0%| F|  |TAMS 0x000000008e600000, 0x000000008e600000| Untracked 
| 231|0x000000008e700000, 0x000000008e700000, 0x000000008e800000|  0%| F|  |TAMS 0x000000008e700000, 0x000000008e700000| Untracked 
| 232|0x000000008e800000, 0x000000008e800000, 0x000000008e900000|  0%| F|  |TAMS 0x000000008e800000, 0x000000008e800000| Untracked 
| 233|0x000000008e900000, 0x000000008ea00000, 0x000000008ea00000|100%| S|CS|TAMS 0x000000008e900000, 0x000000008e900000| Complete 
| 234|0x000000008ea00000, 0x000000008ea00000, 0x000000008eb00000|  0%| F|  |TAMS 0x000000008ea00000, 0x000000008ea00000| Untracked 
| 235|0x000000008eb00000, 0x000000008eb00000, 0x000000008ec00000|  0%| F|  |TAMS 0x000000008eb00000, 0x000000008eb00000| Untracked 
| 236|0x000000008ec00000, 0x000000008ec00000, 0x000000008ed00000|  0%| F|  |TAMS 0x000000008ec00000, 0x000000008ec00000| Untracked 
| 237|0x000000008ed00000, 0x000000008ed00000, 0x000000008ee00000|  0%| F|  |TAMS 0x000000008ed00000, 0x000000008ed00000| Untracked 
| 238|0x000000008ee00000, 0x000000008ee00000, 0x000000008ef00000|  0%| F|  |TAMS 0x000000008ee00000, 0x000000008ee00000| Untracked 
| 239|0x000000008ef00000, 0x000000008ef00000, 0x000000008f000000|  0%| F|  |TAMS 0x000000008ef00000, 0x000000008ef00000| Untracked 
| 240|0x000000008f000000, 0x000000008f000000, 0x000000008f100000|  0%| F|  |TAMS 0x000000008f000000, 0x000000008f000000| Untracked 
| 241|0x000000008f100000, 0x000000008f100000, 0x000000008f200000|  0%| F|  |TAMS 0x000000008f100000, 0x000000008f100000| Untracked 
| 242|0x000000008f200000, 0x000000008f200000, 0x000000008f300000|  0%| F|  |TAMS 0x000000008f200000, 0x000000008f200000| Untracked 
| 243|0x000000008f300000, 0x000000008f300000, 0x000000008f400000|  0%| F|  |TAMS 0x000000008f300000, 0x000000008f300000| Untracked 
| 244|0x000000008f400000, 0x000000008f400000, 0x000000008f500000|  0%| F|  |TAMS 0x000000008f400000, 0x000000008f400000| Untracked 
| 245|0x000000008f500000, 0x000000008f500000, 0x000000008f600000|  0%| F|  |TAMS 0x000000008f500000, 0x000000008f500000| Untracked 
| 246|0x000000008f600000, 0x000000008f600000, 0x000000008f700000|  0%| F|  |TAMS 0x000000008f600000, 0x000000008f600000| Untracked 
| 247|0x000000008f700000, 0x000000008f700000, 0x000000008f800000|  0%| F|  |TAMS 0x000000008f700000, 0x000000008f700000| Untracked 
| 248|0x000000008f800000, 0x000000008f800000, 0x000000008f900000|  0%| F|  |TAMS 0x000000008f800000, 0x000000008f800000| Untracked 
| 249|0x000000008f900000, 0x000000008f900000, 0x000000008fa00000|  0%| F|  |TAMS 0x000000008f900000, 0x000000008f900000| Untracked 
| 250|0x000000008fa00000, 0x000000008fa00000, 0x000000008fb00000|  0%| F|  |TAMS 0x000000008fa00000, 0x000000008fa00000| Untracked 
| 251|0x000000008fb00000, 0x000000008fb00000, 0x000000008fc00000|  0%| F|  |TAMS 0x000000008fb00000, 0x000000008fb00000| Untracked 
| 252|0x000000008fc00000, 0x000000008fc00000, 0x000000008fd00000|  0%| F|  |TAMS 0x000000008fc00000, 0x000000008fc00000| Untracked 
| 253|0x000000008fd00000, 0x000000008fd00000, 0x000000008fe00000|  0%| F|  |TAMS 0x000000008fd00000, 0x000000008fd00000| Untracked 
| 254|0x000000008fe00000, 0x000000008fe00000, 0x000000008ff00000|  0%| F|  |TAMS 0x000000008fe00000, 0x000000008fe00000| Untracked 
| 255|0x000000008ff00000, 0x000000008ff00000, 0x0000000090000000|  0%| F|  |TAMS 0x000000008ff00000, 0x000000008ff00000| Untracked 
| 256|0x0000000090000000, 0x0000000090000000, 0x0000000090100000|  0%| F|  |TAMS 0x0000000090000000, 0x0000000090000000| Untracked 
| 257|0x0000000090100000, 0x0000000090100000, 0x0000000090200000|  0%| F|  |TAMS 0x0000000090100000, 0x0000000090100000| Untracked 

Card table byte_map: [0x000001e2f2ea0000,0x000001e2f32a0000] _byte_map_base: 0x000001e2f2aa0000

Marking Bits (Prev, Next): (CMBitMap*) 0x000001e2e0393410, (CMBitMap*) 0x000001e2e0393450
 Prev Bits: [0x000001e2f36a0000, 0x000001e2f56a0000)
 Next Bits: [0x000001e2f56a0000, 0x000001e2f76a0000)

Polling page: 0x000001e2de180000

Metaspace:

Usage:
  Non-class:    109.70 MB used.
      Class:     16.81 MB used.
       Both:    126.51 MB used.

Virtual space:
  Non-class space:      112.00 MB reserved,     110.19 MB ( 98%) committed,  14 nodes.
      Class space:        1.00 GB reserved,      17.25 MB (  2%) committed,  1 nodes.
             Both:        1.11 GB reserved,     127.44 MB ( 11%) committed. 

Chunk freelists:
   Non-Class:  1.11 MB
       Class:  2.68 MB
        Both:  3.79 MB

MaxMetaspaceSize: unlimited
CompressedClassSpaceSize: 1.00 GB
Initial GC threshold: 21.00 MB
Current GC threshold: 151.50 MB
CDS: off
MetaspaceReclaimPolicy: balanced
 - commit_granule_bytes: 65536.
 - commit_granule_words: 8192.
 - virtual_space_node_default_size: 1048576.
 - enlarge_chunks_in_place: 1.
 - new_chunks_are_fully_committed: 0.
 - uncommit_free_chunks: 1.
 - use_allocation_guard: 0.
 - handle_deallocations: 1.


Internal statistics:

num_allocs_failed_limit: 15.
num_arena_births: 1502.
num_arena_deaths: 6.
num_vsnodes_births: 15.
num_vsnodes_deaths: 0.
num_space_committed: 2038.
num_space_uncommitted: 0.
num_chunks_returned_to_freelist: 22.
num_chunks_taken_from_freelist: 6475.
num_chunk_merges: 5.
num_chunk_splits: 4244.
num_chunks_enlarged: 2823.
num_purges: 2.
num_inconsistent_stats: 0.

CodeHeap 'non-profiled nmethods': size=120000Kb used=11241Kb max_used=11241Kb free=108758Kb
 bounds [0x000001e2eb570000, 0x000001e2ec070000, 0x000001e2f2aa0000]
CodeHeap 'profiled nmethods': size=120000Kb used=36233Kb max_used=36233Kb free=83766Kb
 bounds [0x000001e2e3aa0000, 0x000001e2e5e10000, 0x000001e2eafd0000]
CodeHeap 'non-nmethods': size=5760Kb used=2453Kb max_used=2548Kb free=3307Kb
 bounds [0x000001e2eafd0000, 0x000001e2eb270000, 0x000001e2eb570000]
 total_blobs=20020 nmethods=19021 adapters=910
 compilation: enabled
              stopped_count=0, restarted_count=0
 full_count=0

Compilation events (20 events):
Event: 1306.548 Thread 0x000001e2fa486420 22815       2       com.android.aapt.Resources$Id::newBuilder (7 bytes)
Event: 1306.548 Thread 0x000001e2fa486420 nmethod 22815 0x000001e2e5dff910 code [0x000001e2e5dffaa0, 0x000001e2e5dffc78]
Event: 1306.548 Thread 0x000001e2fa486420 22820       2       com.android.aapt.Resources$Id$Builder::build (19 bytes)
Event: 1306.549 Thread 0x000001e2fa486420 nmethod 22820 0x000001e2e5dffd10 code [0x000001e2e5dffec0, 0x000001e2e5e001b8]
Event: 1306.549 Thread 0x000001e2fa486420 22821       2       com.android.aapt.Resources$Id$Builder::buildPartial (15 bytes)
Event: 1306.549 Thread 0x000001e2fa486420 nmethod 22821 0x000001e2e5e00310 code [0x000001e2e5e004a0, 0x000001e2e5e00678]
Event: 1306.549 Thread 0x000001e2fa486420 22822       2       com.android.aapt.Resources$Id::<init> (11 bytes)
Event: 1306.549 Thread 0x000001e2fa486420 nmethod 22822 0x000001e2e5e00710 code [0x000001e2e5e008a0, 0x000001e2e5e00a18]
Event: 1306.549 Thread 0x000001e2fa486420 22823       2       com.android.aapt.Resources$Id::isInitialized (25 bytes)
Event: 1306.549 Thread 0x000001e2fa486420 nmethod 22823 0x000001e2e5e00b10 code [0x000001e2e5e00ca0, 0x000001e2e5e00e18]
Event: 1306.549 Thread 0x000001e2fa486420 22816       2       com.android.aapt.Resources$Id::toBuilder (29 bytes)
Event: 1306.549 Thread 0x000001e2fa486420 nmethod 22816 0x000001e2e5e00e90 code [0x000001e2e5e010a0, 0x000001e2e5e01558]
Event: 1306.549 Thread 0x000001e2fa486420 22817       2       com.android.aapt.Resources$Id$Builder::<init> (9 bytes)
Event: 1306.549 Thread 0x000001e2fa486420 nmethod 22817 0x000001e2e5e01790 code [0x000001e2e5e01920, 0x000001e2e5e01ad8]
Event: 1306.550 Thread 0x000001e2fa486420 22818       2       com.android.aapt.Resources$Id$Builder::maybeForceBuilderInitialization (7 bytes)
Event: 1306.550 Thread 0x000001e2fa486420 nmethod 22818 0x000001e2e5e01b90 code [0x000001e2e5e01d20, 0x000001e2e5e01e38]
Event: 1306.550 Thread 0x000001e2fa486420 22819       2       com.android.aapt.Resources$Id::access$6200 (4 bytes)
Event: 1306.550 Thread 0x000001e2fa486420 nmethod 22819 0x000001e2e5e01f10 code [0x000001e2e5e020a0, 0x000001e2e5e02198]
Event: 1306.550 Thread 0x000001e2fa486420 22824       2       com.android.aapt.Resources$Item$Builder::setId (48 bytes)
Event: 1306.550 Thread 0x000001e2fa486420 nmethod 22824 0x000001e2e5e02210 code [0x000001e2e5e023e0, 0x000001e2e5e02688]

GC Heap History (20 events):
Event: 324.109 GC heap after
{Heap after GC invocations=59 (full 0):
 garbage-first heap   total 220160K, used 154350K [0x0000000080000000, 0x0000000100000000)
  region size 1024K, 5 young (5120K), 5 survivors (5120K)
 Metaspace       used 128956K, committed 129856K, reserved 1163264K
  class space    used 17195K, committed 17600K, reserved 1048576K
}
Event: 901.656 GC heap before
{Heap before GC invocations=59 (full 0):
 garbage-first heap   total 220160K, used 198382K [0x0000000080000000, 0x0000000100000000)
  region size 1024K, 33 young (33792K), 5 survivors (5120K)
 Metaspace       used 129165K, committed 130112K, reserved 1163264K
  class space    used 17207K, committed 17664K, reserved 1048576K
}
Event: 901.661 GC heap after
{Heap after GC invocations=60 (full 0):
 garbage-first heap   total 220160K, used 155592K [0x0000000080000000, 0x0000000100000000)
  region size 1024K, 2 young (2048K), 2 survivors (2048K)
 Metaspace       used 129165K, committed 130112K, reserved 1163264K
  class space    used 17207K, committed 17664K, reserved 1048576K
}
Event: 1305.753 GC heap before
{Heap before GC invocations=60 (full 0):
 garbage-first heap   total 220160K, used 183240K [0x0000000080000000, 0x0000000100000000)
  region size 1024K, 30 young (30720K), 2 survivors (2048K)
 Metaspace       used 129305K, committed 130304K, reserved 1163264K
  class space    used 17207K, committed 17664K, reserved 1048576K
}
Event: 1305.756 GC heap after
{Heap after GC invocations=61 (full 0):
 garbage-first heap   total 220160K, used 156960K [0x0000000080000000, 0x0000000100000000)
  region size 1024K, 3 young (3072K), 3 survivors (3072K)
 Metaspace       used 129305K, committed 130304K, reserved 1163264K
  class space    used 17207K, committed 17664K, reserved 1048576K
}
Event: 1306.014 GC heap before
{Heap before GC invocations=61 (full 0):
 garbage-first heap   total 220160K, used 186656K [0x0000000080000000, 0x0000000100000000)
  region size 1024K, 31 young (31744K), 3 survivors (3072K)
 Metaspace       used 129395K, committed 130368K, reserved 1163264K
  class space    used 17208K, committed 17664K, reserved 1048576K
}
Event: 1306.026 GC heap after
{Heap after GC invocations=62 (full 0):
 garbage-first heap   total 220160K, used 169716K [0x0000000080000000, 0x0000000100000000)
  region size 1024K, 4 young (4096K), 4 survivors (4096K)
 Metaspace       used 129395K, committed 130368K, reserved 1163264K
  class space    used 17208K, committed 17664K, reserved 1048576K
}
Event: 1306.109 GC heap before
{Heap before GC invocations=62 (full 0):
 garbage-first heap   total 220160K, used 182004K [0x0000000080000000, 0x0000000100000000)
  region size 1024K, 17 young (17408K), 4 survivors (4096K)
 Metaspace       used 129401K, committed 130368K, reserved 1163264K
  class space    used 17208K, committed 17664K, reserved 1048576K
}
Event: 1306.116 GC heap after
{Heap after GC invocations=63 (full 0):
 garbage-first heap   total 220160K, used 173412K [0x0000000080000000, 0x0000000100000000)
  region size 1024K, 3 young (3072K), 3 survivors (3072K)
 Metaspace       used 129401K, committed 130368K, reserved 1163264K
  class space    used 17208K, committed 17664K, reserved 1048576K
}
Event: 1306.187 GC heap before
{Heap before GC invocations=63 (full 0):
 garbage-first heap   total 220160K, used 190820K [0x0000000080000000, 0x0000000100000000)
  region size 1024K, 13 young (13312K), 3 survivors (3072K)
 Metaspace       used 129424K, committed 130368K, reserved 1163264K
  class space    used 17209K, committed 17664K, reserved 1048576K
}
Event: 1306.194 GC heap after
{Heap after GC invocations=64 (full 0):
 garbage-first heap   total 220160K, used 179177K [0x0000000080000000, 0x0000000100000000)
  region size 1024K, 2 young (2048K), 2 survivors (2048K)
 Metaspace       used 129424K, committed 130368K, reserved 1163264K
  class space    used 17209K, committed 17664K, reserved 1048576K
}
Event: 1306.209 GC heap before
{Heap before GC invocations=64 (full 0):
 garbage-first heap   total 220160K, used 187369K [0x0000000080000000, 0x0000000100000000)
  region size 1024K, 10 young (10240K), 2 survivors (2048K)
 Metaspace       used 129424K, committed 130368K, reserved 1163264K
  class space    used 17209K, committed 17664K, reserved 1048576K
}
Event: 1306.212 GC heap after
{Heap after GC invocations=65 (full 0):
 garbage-first heap   total 264192K, used 180565K [0x0000000080000000, 0x0000000100000000)
  region size 1024K, 2 young (2048K), 2 survivors (2048K)
 Metaspace       used 129424K, committed 130368K, reserved 1163264K
  class space    used 17209K, committed 17664K, reserved 1048576K
}
Event: 1306.318 GC heap before
{Heap before GC invocations=65 (full 0):
 garbage-first heap   total 264192K, used 205141K [0x0000000080000000, 0x0000000100000000)
  region size 1024K, 19 young (19456K), 2 survivors (2048K)
 Metaspace       used 129450K, committed 130368K, reserved 1163264K
  class space    used 17209K, committed 17664K, reserved 1048576K
}
Event: 1306.323 GC heap after
{Heap after GC invocations=66 (full 0):
 garbage-first heap   total 264192K, used 189974K [0x0000000080000000, 0x0000000100000000)
  region size 1024K, 4 young (4096K), 4 survivors (4096K)
 Metaspace       used 129450K, committed 130368K, reserved 1163264K
  class space    used 17209K, committed 17664K, reserved 1048576K
}
Event: 1306.325 GC heap before
{Heap before GC invocations=66 (full 0):
 garbage-first heap   total 264192K, used 193046K [0x0000000080000000, 0x0000000100000000)
  region size 1024K, 5 young (5120K), 4 survivors (4096K)
 Metaspace       used 129450K, committed 130368K, reserved 1163264K
  class space    used 17209K, committed 17664K, reserved 1048576K
}
Event: 1306.328 GC heap after
{Heap after GC invocations=67 (full 0):
 garbage-first heap   total 264192K, used 189551K [0x0000000080000000, 0x0000000100000000)
  region size 1024K, 1 young (1024K), 1 survivors (1024K)
 Metaspace       used 129450K, committed 130368K, reserved 1163264K
  class space    used 17209K, committed 17664K, reserved 1048576K
}
Event: 1306.449 GC heap before
{Heap before GC invocations=67 (full 0):
 garbage-first heap   total 264192K, used 216175K [0x0000000080000000, 0x0000000100000000)
  region size 1024K, 25 young (25600K), 1 survivors (1024K)
 Metaspace       used 129511K, committed 130432K, reserved 1163264K
  class space    used 17209K, committed 17664K, reserved 1048576K
}
Event: 1306.452 GC heap after
{Heap after GC invocations=68 (full 0):
 garbage-first heap   total 264192K, used 192497K [0x0000000080000000, 0x0000000100000000)
  region size 1024K, 4 young (4096K), 4 survivors (4096K)
 Metaspace       used 129511K, committed 130432K, reserved 1163264K
  class space    used 17209K, committed 17664K, reserved 1048576K
}
Event: 1306.552 GC heap before
{Heap before GC invocations=68 (full 0):
 garbage-first heap   total 264192K, used 216049K [0x0000000080000000, 0x0000000100000000)
  region size 1024K, 28 young (28672K), 4 survivors (4096K)
 Metaspace       used 129541K, committed 130496K, reserved 1163264K
  class space    used 17209K, committed 17664K, reserved 1048576K
}

Dll operation events (2 events):
Event: 0.007 Loaded shared library C:\Program Files\JetBrains\IntelliJ IDEA Community Edition 2023.1.2\jbr\bin\java.dll
Event: 0.350 Loaded shared library C:\Program Files\JetBrains\IntelliJ IDEA Community Edition 2023.1.2\jbr\bin\verify.dll

Deoptimization events (20 events):
Event: 1306.270 Thread 0x000001e285a2d210 Uncommon trap: trap_request=0xffffffde fr.pc=0x000001e2ebd75eac relative=0x0000000000004f0c
Event: 1306.270 Thread 0x000001e285a2d210 Uncommon trap: reason=class_check action=maybe_recompile pc=0x000001e2ebd75eac method=com.android.ide.common.resources.NodeUtils.duplicateNode(Lorg/w3c/dom/Document;Lorg/w3c/dom/Node;)Lorg/w3c/dom/Node; @ 91 c2
Event: 1306.270 Thread 0x000001e285a2d210 DEOPT PACKING pc=0x000001e2ebd75eac sp=0x000000bea65fad30
Event: 1306.270 Thread 0x000001e285a2d210 DEOPT UNPACKING pc=0x000001e2eb0269a3 sp=0x000000bea65fad38 mode 2
Event: 1306.270 Thread 0x000001e285a2d210 Uncommon trap: trap_request=0xffffffde fr.pc=0x000001e2ebd75eac relative=0x0000000000004f0c
Event: 1306.270 Thread 0x000001e285a2d210 Uncommon trap: reason=class_check action=maybe_recompile pc=0x000001e2ebd75eac method=com.android.ide.common.resources.NodeUtils.duplicateNode(Lorg/w3c/dom/Document;Lorg/w3c/dom/Node;)Lorg/w3c/dom/Node; @ 91 c2
Event: 1306.270 Thread 0x000001e285a2d210 DEOPT PACKING pc=0x000001e2ebd75eac sp=0x000000bea65fad30
Event: 1306.270 Thread 0x000001e285a2d210 DEOPT UNPACKING pc=0x000001e2eb0269a3 sp=0x000000bea65fad38 mode 2
Event: 1306.271 Thread 0x000001e285a2d210 Uncommon trap: trap_request=0xffffffde fr.pc=0x000001e2ebd75eac relative=0x0000000000004f0c
Event: 1306.271 Thread 0x000001e285a2d210 Uncommon trap: reason=class_check action=maybe_recompile pc=0x000001e2ebd75eac method=com.android.ide.common.resources.NodeUtils.duplicateNode(Lorg/w3c/dom/Document;Lorg/w3c/dom/Node;)Lorg/w3c/dom/Node; @ 91 c2
Event: 1306.271 Thread 0x000001e285a2d210 DEOPT PACKING pc=0x000001e2ebd75eac sp=0x000000bea65fad30
Event: 1306.271 Thread 0x000001e285a2d210 DEOPT UNPACKING pc=0x000001e2eb0269a3 sp=0x000000bea65fad38 mode 2
Event: 1306.271 Thread 0x000001e285a2d210 Uncommon trap: trap_request=0xffffffde fr.pc=0x000001e2ebd75eac relative=0x0000000000004f0c
Event: 1306.271 Thread 0x000001e285a2d210 Uncommon trap: reason=class_check action=maybe_recompile pc=0x000001e2ebd75eac method=com.android.ide.common.resources.NodeUtils.duplicateNode(Lorg/w3c/dom/Document;Lorg/w3c/dom/Node;)Lorg/w3c/dom/Node; @ 91 c2
Event: 1306.271 Thread 0x000001e285a2d210 DEOPT PACKING pc=0x000001e2ebd75eac sp=0x000000bea65fad30
Event: 1306.271 Thread 0x000001e285a2d210 DEOPT UNPACKING pc=0x000001e2eb0269a3 sp=0x000000bea65fad38 mode 2
Event: 1306.391 Thread 0x000001e285a2d6e0 Uncommon trap: trap_request=0xffffffbe fr.pc=0x000001e2eba6e398 relative=0x0000000000000278
Event: 1306.391 Thread 0x000001e285a2d6e0 Uncommon trap: reason=profile_predicate action=maybe_recompile pc=0x000001e2eba6e398 method=java.util.Collections.indexedBinarySearch(Ljava/util/List;Ljava/lang/Object;)I @ 13 c2
Event: 1306.391 Thread 0x000001e285a2d6e0 DEOPT PACKING pc=0x000001e2eba6e398 sp=0x000000bea69feb60
Event: 1306.391 Thread 0x000001e285a2d6e0 DEOPT UNPACKING pc=0x000001e2eb0269a3 sp=0x000000bea69feaf0 mode 2

Classes unloaded (3 events):
Event: 13.370 Thread 0x000001e2fa41d670 Unloading class 0x0000000100b60c00 'java/lang/invoke/LambdaForm$DMH+0x0000000100b60c00'
Event: 13.370 Thread 0x000001e2fa41d670 Unloading class 0x0000000100b60800 'java/lang/invoke/LambdaForm$DMH+0x0000000100b60800'
Event: 13.370 Thread 0x000001e2fa41d670 Unloading class 0x0000000100b60400 'java/lang/invoke/LambdaForm$DMH+0x0000000100b60400'

Classes redefined (0 events):
No events

Internal exceptions (20 events):
Event: 324.031 Thread 0x000001e285a2e550 Exception <a 'sun/nio/fs/WindowsException'{0x000000008bce7d80}> (0x000000008bce7d80) 
thrown [s\src\hotspot\share\prims\jni.cpp, line 517]
Event: 324.032 Thread 0x000001e285a2e550 Exception <a 'sun/nio/fs/WindowsException'{0x000000008bce8120}> (0x000000008bce8120) 
thrown [s\src\hotspot\share\prims\jni.cpp, line 517]
Event: 324.047 Thread 0x000001e285a2e550 Exception <a 'sun/nio/fs/WindowsException'{0x000000008b940280}> (0x000000008b940280) 
thrown [s\src\hotspot\share\prims\jni.cpp, line 517]
Event: 324.050 Thread 0x000001e285a2e550 Exception <a 'sun/nio/fs/WindowsException'{0x000000008b94a4f0}> (0x000000008b94a4f0) 
thrown [s\src\hotspot\share\prims\jni.cpp, line 517]
Event: 324.159 Thread 0x000001e2fbad4480 Exception <a 'sun/nio/fs/WindowsException'{0x000000008d18dea8}> (0x000000008d18dea8) 
thrown [s\src\hotspot\share\prims\jni.cpp, line 517]
Event: 324.172 Thread 0x000001e2fbad4480 Implicit null exception at 0x000001e2ebca4300 to 0x000001e2ebca4524
Event: 324.177 Thread 0x000001e2fbad4480 Exception <a 'sun/nio/fs/WindowsException'{0x000000008cf66a00}> (0x000000008cf66a00) 
thrown [s\src\hotspot\share\prims\jni.cpp, line 517]
Event: 324.202 Thread 0x000001e2fbad1930 Exception <a 'sun/nio/fs/WindowsException'{0x000000008cefbf10}> (0x000000008cefbf10) 
thrown [s\src\hotspot\share\prims\jni.cpp, line 517]
Event: 324.219 Thread 0x000001e2fbad1930 Exception <a 'sun/nio/fs/WindowsException'{0x000000008cdf8c00}> (0x000000008cdf8c00) 
thrown [s\src\hotspot\share\prims\jni.cpp, line 517]
Event: 324.338 Thread 0x000001e2fd32c890 Exception <a 'sun/nio/fs/WindowsException'{0x000000008c8d2ca0}> (0x000000008c8d2ca0) 
thrown [s\src\hotspot\share\prims\jni.cpp, line 517]
Event: 324.338 Thread 0x000001e2fd32c890 Exception <a 'sun/nio/fs/WindowsException'{0x000000008c8d3088}> (0x000000008c8d3088) 
thrown [s\src\hotspot\share\prims\jni.cpp, line 517]
Event: 324.339 Thread 0x000001e2fd32c890 Exception <a 'sun/nio/fs/WindowsException'{0x000000008c8d4a08}> (0x000000008c8d4a08) 
thrown [s\src\hotspot\share\prims\jni.cpp, line 517]
Event: 1305.685 Thread 0x000001e2823f2910 Exception <a 'sun/nio/fs/WindowsException'{0x000000008bb07cd0}> (0x000000008bb07cd0) 
thrown [s\src\hotspot\share\prims\jni.cpp, line 517]
Event: 1305.783 Thread 0x000001e2823f2910 Exception <a 'java/lang/NoClassDefFoundError'{0x000000008d4bf090}: org/jetbrains/kotlin/gradle/plugin/KotlinBasePluginWrapper> (0x000000008d4bf090) 
thrown [s\src\hotspot\share\oops\constantPool.cpp, line 835]
Event: 1305.796 Thread 0x000001e2823f2910 Exception <a 'sun/nio/fs/WindowsException'{0x000000008d3fd2a0}> (0x000000008d3fd2a0) 
thrown [s\src\hotspot\share\prims\jni.cpp, line 517]
Event: 1305.800 Thread 0x000001e2823f2910 Exception <a 'sun/nio/fs/WindowsException'{0x000000008d29faf8}> (0x000000008d29faf8) 
thrown [s\src\hotspot\share\prims\jni.cpp, line 517]
Event: 1305.800 Thread 0x000001e2823f2910 Exception <a 'sun/nio/fs/WindowsException'{0x000000008d2a0e70}> (0x000000008d2a0e70) 
thrown [s\src\hotspot\share\prims\jni.cpp, line 517]
Event: 1305.800 Thread 0x000001e2823f2910 Exception <a 'sun/nio/fs/WindowsException'{0x000000008d2a24b8}> (0x000000008d2a24b8) 
thrown [s\src\hotspot\share\prims\jni.cpp, line 517]
Event: 1305.800 Thread 0x000001e2823f2910 Exception <a 'sun/nio/fs/WindowsException'{0x000000008d2a3880}> (0x000000008d2a3880) 
thrown [s\src\hotspot\share\prims\jni.cpp, line 517]
Event: 1306.135 Thread 0x000001e285a2d210 Implicit null exception at 0x000001e2eb7cefe4 to 0x000001e2eb7cf184

VM Operations (20 events):
Event: 1305.701 Executing VM operation: HandshakeAllThreads done
Event: 1305.701 Executing VM operation: Cleanup
Event: 1305.738 Executing VM operation: Cleanup done
Event: 1305.753 Executing VM operation: G1CollectForAllocation
Event: 1305.756 Executing VM operation: G1CollectForAllocation done
Event: 1306.014 Executing VM operation: G1CollectForAllocation
Event: 1306.026 Executing VM operation: G1CollectForAllocation done
Event: 1306.109 Executing VM operation: G1CollectForAllocation
Event: 1306.118 Executing VM operation: G1CollectForAllocation done
Event: 1306.187 Executing VM operation: G1CollectForAllocation
Event: 1306.194 Executing VM operation: G1CollectForAllocation done
Event: 1306.209 Executing VM operation: G1CollectForAllocation
Event: 1306.212 Executing VM operation: G1CollectForAllocation done
Event: 1306.318 Executing VM operation: G1TryInitiateConcMark
Event: 1306.323 Executing VM operation: G1TryInitiateConcMark done
Event: 1306.325 Executing VM operation: G1TryInitiateConcMark
Event: 1306.329 Executing VM operation: G1TryInitiateConcMark done
Event: 1306.448 Executing VM operation: G1CollectForAllocation
Event: 1306.454 Executing VM operation: G1CollectForAllocation done
Event: 1306.552 Executing VM operation: G1CollectForAllocation

Events (20 events):
Event: 1305.750 Thread 0x000001e2fa48bcc0 flushing nmethod 0x000001e2e5391910
Event: 1305.750 Thread 0x000001e2fa48bcc0 flushing nmethod 0x000001e2e5451b10
Event: 1305.753 Thread 0x000001e2fa48bcc0 flushing nmethod 0x000001e2e5876510
Event: 1305.756 Thread 0x000001e2fa48bcc0 flushing nmethod 0x000001e2e58ffc10
Event: 1305.756 Thread 0x000001e2fa48bcc0 flushing nmethod 0x000001e2e5907710
Event: 1305.756 Thread 0x000001e2fa48bcc0 flushing nmethod 0x000001e2e591d610
Event: 1305.757 Thread 0x000001e2fa48bcc0 flushing nmethod 0x000001e2e596a710
Event: 1305.757 Thread 0x000001e2fa48bcc0 flushing nmethod 0x000001e2e596e610
Event: 1305.757 Thread 0x000001e2fa48bcc0 flushing nmethod 0x000001e2e59d2c10
Event: 1305.757 Thread 0x000001e2fa48bcc0 flushing nmethod 0x000001e2e59d3290
Event: 1305.757 Thread 0x000001e2fa48bcc0 flushing nmethod 0x000001e2e59dbf10
Event: 1305.854 Thread 0x000001e285a2cd40 Thread added: 0x000001e285a2cd40
Event: 1305.855 Thread 0x000001e285a2d210 Thread added: 0x000001e285a2d210
Event: 1305.855 Thread 0x000001e285a2e550 Thread added: 0x000001e285a2e550
Event: 1305.855 Thread 0x000001e285a2b060 Thread added: 0x000001e285a2b060
Event: 1305.857 Thread 0x000001e285a2d6e0 Thread added: 0x000001e285a2d6e0
Event: 1306.337 Thread 0x000001e285a2b530 Thread added: 0x000001e285a2b530
Event: 1306.337 Thread 0x000001e285a2dbb0 Thread added: 0x000001e285a2dbb0
Event: 1306.337 Thread 0x000001e285a2ea20 Thread added: 0x000001e285a2ea20
Event: 1306.338 Thread 0x000001e2fbad1930 Thread added: 0x000001e2fbad1930


Dynamic libraries:
0x00007ff627f70000 - 0x00007ff627f7a000 	C:\Program Files\JetBrains\IntelliJ IDEA Community Edition 2023.1.2\jbr\bin\java.exe
0x00007fff4a5b0000 - 0x00007fff4a7a8000 	C:\Windows\SYSTEM32\ntdll.dll
0x00007fff4a480000 - 0x00007fff4a53f000 	C:\Windows\System32\KERNEL32.DLL
0x00007fff47fc0000 - 0x00007fff482b6000 	C:\Windows\System32\KERNELBASE.dll
0x00007fff48320000 - 0x00007fff48420000 	C:\Windows\System32\ucrtbase.dll
0x00007fff41250000 - 0x00007fff41267000 	C:\Program Files\JetBrains\IntelliJ IDEA Community Edition 2023.1.2\jbr\bin\jli.dll
0x00007fff3d0b0000 - 0x00007fff3d0cb000 	C:\Program Files\JetBrains\IntelliJ IDEA Community Edition 2023.1.2\jbr\bin\VCRUNTIME140.dll
0x00007fff4a220000 - 0x00007fff4a3bd000 	C:\Windows\System32\USER32.dll
0x00007fff330d0000 - 0x00007fff3336a000 	C:\Windows\WinSxS\amd64_microsoft.windows.common-controls_6595b64144ccf1df_6.0.19041.1110_none_60b5254171f9507e\COMCTL32.dll
0x00007fff482f0000 - 0x00007fff48312000 	C:\Windows\System32\win32u.dll
0x00007fff4a3c0000 - 0x00007fff4a45e000 	C:\Windows\System32\msvcrt.dll
0x00007fff48690000 - 0x00007fff486bc000 	C:\Windows\System32\GDI32.dll
0x00007fff484c0000 - 0x00007fff485d5000 	C:\Windows\System32\gdi32full.dll
0x00007fff48420000 - 0x00007fff484bd000 	C:\Windows\System32\msvcp_win.dll
0x00007fff49e80000 - 0x00007fff49eb0000 	C:\Windows\System32\IMM32.DLL
0x00007fff439e0000 - 0x00007fff439ec000 	C:\Program Files\JetBrains\IntelliJ IDEA Community Edition 2023.1.2\jbr\bin\vcruntime140_1.dll
0x00007fff33420000 - 0x00007fff334ad000 	C:\Program Files\JetBrains\IntelliJ IDEA Community Edition 2023.1.2\jbr\bin\msvcp140.dll
0x00007ffee8300000 - 0x00007ffee8f6e000 	C:\Program Files\JetBrains\IntelliJ IDEA Community Edition 2023.1.2\jbr\bin\server\jvm.dll
0x00007fff49d70000 - 0x00007fff49e1f000 	C:\Windows\System32\ADVAPI32.dll
0x00007fff49830000 - 0x00007fff498cc000 	C:\Windows\System32\sechost.dll
0x00007fff49c40000 - 0x00007fff49d66000 	C:\Windows\System32\RPCRT4.dll
0x00007fff2dfd0000 - 0x00007fff2dfd9000 	C:\Windows\SYSTEM32\WSOCK32.dll
0x00007fff49af0000 - 0x00007fff49b5b000 	C:\Windows\System32\WS2_32.dll
0x00007fff40be0000 - 0x00007fff40bea000 	C:\Windows\SYSTEM32\VERSION.dll
0x00007fff3c580000 - 0x00007fff3c5a7000 	C:\Windows\SYSTEM32\WINMM.dll
0x00007fff45b00000 - 0x00007fff45b12000 	C:\Windows\SYSTEM32\kernel.appcore.dll
0x00007fff431f0000 - 0x00007fff431fa000 	C:\Program Files\JetBrains\IntelliJ IDEA Community Edition 2023.1.2\jbr\bin\jimage.dll
0x00007fff3a8d0000 - 0x00007fff3aab4000 	C:\Windows\SYSTEM32\DBGHELP.DLL
0x00007fff2f680000 - 0x00007fff2f6b4000 	C:\Windows\SYSTEM32\dbgcore.DLL
0x00007fff47c60000 - 0x00007fff47ce2000 	C:\Windows\System32\bcryptPrimitives.dll
0x00007fff43140000 - 0x00007fff43165000 	C:\Program Files\JetBrains\IntelliJ IDEA Community Edition 2023.1.2\jbr\bin\java.dll
0x00007fff42e50000 - 0x00007fff42e68000 	C:\Program Files\JetBrains\IntelliJ IDEA Community Edition 2023.1.2\jbr\bin\zip.dll
0x00007fff48d40000 - 0x00007fff49484000 	C:\Windows\System32\SHELL32.dll
0x00007fff45d00000 - 0x00007fff46493000 	C:\Windows\SYSTEM32\windows.storage.dll
0x00007fff49eb0000 - 0x00007fff4a204000 	C:\Windows\System32\combase.dll
0x00007fff475e0000 - 0x00007fff4760e000 	C:\Windows\SYSTEM32\Wldp.dll
0x00007fff485e0000 - 0x00007fff4868d000 	C:\Windows\System32\SHCORE.dll
0x00007fff498d0000 - 0x00007fff49925000 	C:\Windows\System32\shlwapi.dll
0x00007fff47ba0000 - 0x00007fff47bbf000 	C:\Windows\SYSTEM32\profapi.dll
0x00007fff42e30000 - 0x00007fff42e49000 	C:\Program Files\JetBrains\IntelliJ IDEA Community Edition 2023.1.2\jbr\bin\net.dll
0x00007fff3ed60000 - 0x00007fff3ee6a000 	C:\Windows\SYSTEM32\WINHTTP.dll
0x00007fff473c0000 - 0x00007fff4742a000 	C:\Windows\system32\mswsock.dll
0x00007fff412d0000 - 0x00007fff412e6000 	C:\Program Files\JetBrains\IntelliJ IDEA Community Edition 2023.1.2\jbr\bin\nio.dll
0x00007fff43ac0000 - 0x00007fff43ad0000 	C:\Program Files\JetBrains\IntelliJ IDEA Community Edition 2023.1.2\jbr\bin\verify.dll
0x00007fff3d0d0000 - 0x00007fff3d0f7000 	C:\Users\Niktu\.gradle\native\e1d6ef7f7dcc3fd88c89a11ec53ec762bb8ba0a96d01ffa2cd45eb1d1d8dd5c5\windows-amd64\native-platform.dll
0x00007fff17300000 - 0x00007fff17444000 	C:\Users\Niktu\.gradle\native\0d407fdbe67a94daf76414ababcb853783967236a71b16ec16e742cd7a986fd3\windows-amd64\native-platform-file-events.dll
0x00007fff42fb0000 - 0x00007fff42fb9000 	C:\Program Files\JetBrains\IntelliJ IDEA Community Edition 2023.1.2\jbr\bin\management.dll
0x00007fff42e20000 - 0x00007fff42e2b000 	C:\Program Files\JetBrains\IntelliJ IDEA Community Edition 2023.1.2\jbr\bin\management_ext.dll
0x00007fff499a0000 - 0x00007fff499a8000 	C:\Windows\System32\PSAPI.DLL
0x00007fff47620000 - 0x00007fff47638000 	C:\Windows\SYSTEM32\CRYPTSP.dll
0x00007fff46c90000 - 0x00007fff46cc4000 	C:\Windows\system32\rsaenh.dll
0x00007fff482c0000 - 0x00007fff482e7000 	C:\Windows\System32\bcrypt.dll
0x00007fff47b20000 - 0x00007fff47b4e000 	C:\Windows\SYSTEM32\USERENV.dll
0x00007fff47550000 - 0x00007fff4755c000 	C:\Windows\SYSTEM32\CRYPTBASE.dll
0x00007fff47080000 - 0x00007fff470bc000 	C:\Windows\SYSTEM32\IPHLPAPI.DLL
0x00007fff4a210000 - 0x00007fff4a218000 	C:\Windows\System32\NSI.dll
0x00007fff41430000 - 0x00007fff41447000 	C:\Windows\SYSTEM32\dhcpcsvc6.DLL
0x00007fff41410000 - 0x00007fff4142d000 	C:\Windows\SYSTEM32\dhcpcsvc.DLL
0x00007fff470c0000 - 0x00007fff4718b000 	C:\Windows\SYSTEM32\DNSAPI.dll
0x00007fff43a50000 - 0x00007fff43a5e000 	C:\Program Files\JetBrains\IntelliJ IDEA Community Edition 2023.1.2\jbr\bin\sunmscapi.dll
0x00007fff47da0000 - 0x00007fff47efe000 	C:\Windows\System32\CRYPT32.dll
0x00007fff47730000 - 0x00007fff47758000 	C:\Windows\SYSTEM32\ncrypt.dll
0x00007fff476f0000 - 0x00007fff4772b000 	C:\Windows\SYSTEM32\NTASN1.dll
0x00007fff1fdd0000 - 0x00007fff1fdd7000 	C:\Windows\system32\wshunix.dll
0x00007fff46db0000 - 0x00007fff46de3000 	C:\Windows\SYSTEM32\ntmarta.dll

dbghelp: loaded successfully - version: 4.0.5 - missing functions: none
symbol engine: initialized successfully - sym options: 0x614 - pdb path: .;C:\Program Files\JetBrains\IntelliJ IDEA Community Edition 2023.1.2\jbr\bin;C:\Windows\SYSTEM32;C:\Windows\WinSxS\amd64_microsoft.windows.common-controls_6595b64144ccf1df_6.0.19041.1110_none_60b5254171f9507e;C:\Program Files\JetBrains\IntelliJ IDEA Community Edition 2023.1.2\jbr\bin\server;C:\Users\Niktu\.gradle\native\e1d6ef7f7dcc3fd88c89a11ec53ec762bb8ba0a96d01ffa2cd45eb1d1d8dd5c5\windows-amd64;C:\Users\Niktu\.gradle\native\0d407fdbe67a94daf76414ababcb853783967236a71b16ec16e742cd7a986fd3\windows-amd64

VM Arguments:
jvm_args: --add-opens=java.base/java.util=ALL-UNNAMED --add-opens=java.base/java.lang=ALL-UNNAMED --add-opens=java.base/java.lang.invoke=ALL-UNNAMED --add-opens=java.base/java.util=ALL-UNNAMED --add-opens=java.prefs/java.util.prefs=ALL-UNNAMED --add-opens=java.prefs/java.util.prefs=ALL-UNNAMED --add-opens=java.base/java.nio.charset=ALL-UNNAMED --add-opens=java.base/java.net=ALL-UNNAMED --add-opens=java.base/java.util.concurrent.atomic=ALL-UNNAMED -Xmx2048m -Dfile.encoding=UTF-8 -Duser.country=RU -Duser.language=ru -Duser.variant 
java_command: org.gradle.launcher.daemon.bootstrap.GradleDaemon 7.5
java_class_path (initial): C:\Users\Niktu\.gradle\wrapper\dists\gradle-7.5-bin\f1w0cc9nuo0eivz97x2xlu9sv\gradle-7.5\lib\gradle-launcher-7.5.jar
Launcher Type: SUN_STANDARD

[Global flags]
     intx CICompilerCount                          = 3                                         {product} {ergonomic}
     uint ConcGCThreads                            = 1                                         {product} {ergonomic}
     uint G1ConcRefinementThreads                  = 4                                         {product} {ergonomic}
   size_t G1HeapRegionSize                         = 1048576                                   {product} {ergonomic}
    uintx GCDrainStackTargetSize                   = 64                                        {product} {ergonomic}
   size_t InitialHeapSize                          = 268435456                                 {product} {ergonomic}
   size_t MarkStackSize                            = 4194304                                   {product} {ergonomic}
   size_t MaxHeapSize                              = 2147483648                                {product} {command line}
   size_t MaxNewSize                               = 1287651328                                {product} {ergonomic}
   size_t MinHeapDeltaBytes                        = 1048576                                   {product} {ergonomic}
   size_t MinHeapSize                              = 8388608                                   {product} {ergonomic}
    uintx NonNMethodCodeHeapSize                   = 5832780                                {pd product} {ergonomic}
    uintx NonProfiledCodeHeapSize                  = 122912730                              {pd product} {ergonomic}
    uintx ProfiledCodeHeapSize                     = 122912730                              {pd product} {ergonomic}
    uintx ReservedCodeCacheSize                    = 251658240                              {pd product} {ergonomic}
     bool SegmentedCodeCache                       = true                                      {product} {ergonomic}
   size_t SoftMaxHeapSize                          = 2147483648                             {manageable} {ergonomic}
     bool UseCompressedClassPointers               = true                           {product lp64_product} {ergonomic}
     bool UseCompressedOops                        = true                           {product lp64_product} {ergonomic}
     bool UseG1GC                                  = true                                      {product} {ergonomic}
     bool UseLargePagesIndividualAllocation        = false                                  {pd product} {ergonomic}

Logging:
Log output configuration:
 #0: stdout all=warning uptime,level,tags
 #1: stderr all=off uptime,level,tags

Environment Variables:
PATH=C:\Program Files (x86)\Common Files\Oracle\Java\javapath;C:\Program Files (x86)\Intel\iCLS Client\;C:\Program Files\Intel\iCLS Client\;C:\Windows\system32;C:\Windows;C:\Windows\System32\Wbem;C:\Windows\System32\WindowsPowerShell\v1.0\;C:\Windows\System32\OpenSSH\;C:\Program Files (x86)\Intel\Intel(R) Management Engine Components\DAL;C:\Program Files\Intel\Intel(R) Management Engine Components\DAL;C:\Program Files (x86)\Intel\Intel(R) Management Engine Components\IPT;C:\Program Files\Intel\Intel(R) Management Engine Components\IPT;C:\Program Files\nodejs\;C:\Program Files\Git\cmd;C:\Program Files\PuTTY\;C:\Program Files\Docker\Docker\resources\bin;C:\ProgramData\DockerDesktop\version-bin;C:\Program Files\Microsoft SQL Server\Client SDK\ODBC\170\Tools\Binn\;C:\Program Files (x86)\Microsoft SQL Server\150\DTS\Binn\;C:\Program Files\Azure Data Studio\bin;C:\Program Files (x86)\NVIDIA Corporation\PhysX\Common;C:\Program Files\NVIDIA Corporation\NVIDIA NvDLISR;C:\Program Files\Go\bin;C:\Program Files\dotnet\;C:\Program Files (x86)\Microsoft SQL Server\150\Tools\Binn\;C:\Program Files\Microsoft SQL Server\150\Tools\Binn\;C:\Program Files\Microsoft SQL Server\150\DTS\Binn\;C:\Program Files\MySQL\MySQL Shell 8.0\bin\;C:\Users\Niktu\AppData\Local\Microsoft\WindowsApps;C:\Users\Niktu\AppData\Local\Programs\Microsoft VS Code\bin;C:\Users\Niktu\AppData\Roaming\npm;C:\Program Files\Azure Data Studio\bin;C:\Program Files\JetBrains\DataGrip 2022.1.5\bin;;C:\Users\Niktu\go\bin;C:\Program Files\JetBrains\GoLand 2022.1.3\bin;;C:\Users\Niktu\.dotnet\tools;C:\Users\Niktu\AppData\Local\Programs\teleport-connect\resources\bin;C:\Program Files\JetBrains\IntelliJ IDEA Community Edition 2023.1.2\bin;
USERNAME=Niktu
OS=Windows_NT
PROCESSOR_IDENTIFIER=Intel64 Family 6 Model 94 Stepping 3, GenuineIntel
TMP=C:\Users\Niktu\AppData\Local\Temp
TEMP=C:\Users\Niktu\AppData\Local\Temp


JNI global refs:
JNI global refs: 28, weak refs: 19

JNI global refs memory usage: 843, weak refs: 841


---------------  S Y S T E M  ---------------

OS:
 Windows 10 , 64 bit Build 19041 (10.0.19041.2913)
OS uptime: 14 days 10:40 hours
Hyper-V role detected

CPU: total 4 (initial active 4) (4 cores per cpu, 1 threads per core) family 6 model 94 stepping 3 microcode 0xcc, cx8, cmov, fxsr, mmx, 3dnowpref, sse, sse2, sse3, ssse3, sse4.1, sse4.2, popcnt, lzcnt, tsc, tscinvbit, avx, avx2, aes, erms, clmul, bmi1, bmi2, rtm, adx, fma, vzeroupper, clflush, clflushopt, hv

Memory: 4k page, system-wide physical 16308M (3536M free)
TotalPageFile size 65460M (AvailPageFile size 289M)
current process WorkingSet (physical memory assigned to process): 583M, peak: 585M
current process commit charge ("private bytes"): 619M, peak: 1047M

vm_info: OpenJDK 64-Bit Server VM (17.0.6+10-b829.9) for windows-amd64 JRE (17.0.6+10-b829.9), built on 2023-04-09 by "builduser" with MS VC++ 16.10 / 16.11 (VS2019)

END.
